#
# A fatal error has been detected by the Java Runtime Environment:
#
#  EXCEPTION_ACCESS_VIOLATION (0xc0000005) at pc=0x00007ffee233b305, pid=18768, tid=17208
#
# JRE version: Java(TM) SE Runtime Environment (21.0.2+13) (build 21.0.2+13-LTS-58)
# Java VM: Java HotSpot(TM) 64-Bit Server VM (21.0.2+13-LTS-58, mixed mode, sharing, tiered, compressed oops, compressed class ptrs, g1 gc, windows-amd64)
# Problematic frame:
# V  [jvm.dll+0x31b305]
#
# No core dump will be written. Minidumps are not enabled by default on client versions of Windows
#
# If you would like to submit a bug report, please visit:
#   https://bugreport.java.com/bugreport/crash.jsp
#

---------------  S U M M A R Y ------------

Command Line: -XX:+ShowCodeDetailsInExceptionMessages -Dspring.jmx.enabled=true -Dmanagement.endpoints.jmx.exposure.include=* -Dspring.application.admin.enabled=true -Dspring.boot.project.name=Jobscheduler -Djava.rmi.server.hostname=localhost -Dcom.sun.management.jmxremote.port=45556 -Dcom.sun.management.jmxremote.authenticate=false -Dcom.sun.management.jmxremote.ssl=false com.capstone.Jobscheduler.JobschedulerApplication

Host: AMD Ryzen 5 4600H with Radeon Graphics         , 12 cores, 7G,  Windows 11 , 64 bit Build 22621 (10.0.22621.4974)
Time: Thu Mar 13 22:48:57 2025 India Standard Time elapsed time: 378.934752 seconds (0d 0h 6m 18s)

---------------  T H R E A D  ---------------

Current thread (0x0000024a6348a370):  WorkerThread "G1 Conc#0"      [id=17208, stack(0x000000dfcd400000,0x000000dfcd500000) (1024K)]

Stack: [0x000000dfcd400000,0x000000dfcd500000],  sp=0x000000dfcd4ff7f0,  free space=1021k
Native frames: (J=compiled Java code, j=interpreted, Vv=VM code, C=native code)
V  [jvm.dll+0x31b305]
V  [jvm.dll+0x31b19f]
V  [jvm.dll+0x318b0d]
V  [jvm.dll+0x318752]
V  [jvm.dll+0x33403a]
V  [jvm.dll+0x332b7c]
V  [jvm.dll+0x33471c]
V  [jvm.dll+0x333449]
V  [jvm.dll+0x336ec6]
V  [jvm.dll+0x883eb7]
V  [jvm.dll+0x7ff568]
V  [jvm.dll+0x6c953d]
C  [ucrtbase.dll+0x29333]
C  [KERNEL32.DLL+0x1259d]
C  [ntdll.dll+0x5af38]


siginfo: EXCEPTION_ACCESS_VIOLATION (0xc0000005), reading address 0x000002526344cde0


Registers:
RAX=0x0000024a63451280, RBX=0x0000024a63492cb0, RCX=0x0000000000000014, RDX=0x0000000000000001
RSP=0x000000dfcd4ff7f0, RBP=0x0000000000000001, RSI=0x0000024a6347a140, RDI=0x0000000000000010
R8 =0x0000000000000010, R9 =0x00000000fffff76c, R10=0x0000024a634380b0, R11=0x0000000000000003
R12=0x0000000000000000, R13=0xaaaaaaaaaaaaaaab, R14=0x0000024a00015310, R15=0x000000008a70bef0
RIP=0x00007ffee233b305, EFLAGS=0x0000000000010216


Register to memory mapping:

RAX=0x0000024a63451280 points into unknown readable memory: 0x0000024a634b8a90 | 90 8a 4b 63 4a 02 00 00
RBX=0x0000024a63492cb0 points into unknown readable memory: 0x00007ffee29f29a8 | a8 29 9f e2 fe 7f 00 00
RCX=0x0000000000000014 is an unknown value
RDX=0x0000000000000001 is an unknown value
RSP=0x000000dfcd4ff7f0 points into unknown readable memory: 0x000000008a70be98 | 98 be 70 8a 00 00 00 00
RBP=0x0000000000000001 is an unknown value
RSI=0x0000024a6347a140 points into unknown readable memory: 0x0000024a634897b0 | b0 97 48 63 4a 02 00 00
RDI=0x0000000000000010 is an unknown value
R8 =0x0000000000000010 is an unknown value
R9 =0x00000000fffff76c is an unallocated location in the heap
R10=0x0000024a634380b0 points into unknown readable memory: 0x00007ffee29f10b0 | b0 10 9f e2 fe 7f 00 00
R11=0x0000000000000003 is an unknown value
R12=0x0 is null
R13=0xaaaaaaaaaaaaaaab is an unknown value
R14=0x0000024a00015310 is pointing into metadata
R15=0x000000008a70bef0 is an oop: java.lang.reflect.Constructor 
{0x000000008a70bef0} - klass: 'java/lang/reflect/Constructor'
 - ---- fields (total size 9 words):
 - 'override' 'Z' @12  false (0x00)
 - volatile 'accessCheckCache' 'Ljava/lang/Object;' @16  null (0x00000000)
 - private transient 'parameterData' 'Ljava/lang/reflect/Executable$ParameterData;' @20  null (0x00000000)
 - private volatile transient 'declaredAnnotations' 'Ljava/util/Map;' @24  
[error occurred during error reporting (printing register info), id 0xc0000005, EXCEPTION_ACCESS_VIOLATION (0xc0000005) at pc=0x00007ffee26d647d]

Top of Stack: (sp=0x000000dfcd4ff7f0)
0x000000dfcd4ff7f0:   000000008a70be98 00007ffee233b3ca
0x000000dfcd4ff800:   0000024a63492cb0 000000dfcd4ff8a0
0x000000dfcd4ff810:   0000000000000010 00007ffee233b19f
0x000000dfcd4ff820:   000000008a70bef0 000000dfcd4ff9e0
0x000000dfcd4ff830:   0000024a00015300 000000dfcd4ff9e0
0x000000dfcd4ff840:   000000008a70bf0c 00007ffee2338b0d
0x000000dfcd4ff850:   000000008a70bf08 00007ffee233925d
0x000000dfcd4ff860:   000000008a70bee8 0000000000000000
0x000000dfcd4ff870:   000000dfcd4ff9a0 0000000000000000
0x000000dfcd4ff880:   000000008a70bef0 00007ffee2338752
0x000000dfcd4ff890:   0000024a00014eb0 0000000000000009
0x000000dfcd4ff8a0:   000000dfcd4ff9e0 00007ffee2338752
0x000000dfcd4ff8b0:   000000008a70bef0 00007ffee235403a
0x000000dfcd4ff8c0:   0000024a63492cb0 0000000000000040
0x000000dfcd4ff8d0:   0000000000000040 00007ffee2356380
0x000000dfcd4ff8e0:   0000000000000001 000000008af29f50
0x000000dfcd4ff8f0:   000000dfcd4ff9a0 0000024a6347a150
0x000000dfcd4ff900:   00000000003653ea 00007ffee2352b7c
0x000000dfcd4ff910:   00000000003653ea 000000dfcd3ff370
0x000000dfcd4ff920:   000000008a70bef0 00007ffee23541d4
0x000000dfcd4ff930:   0000000000380000 00007ffee235471c
0x000000dfcd4ff940:   000000008af29f38 00000000003653ea
0x000000dfcd4ff950:   000000000002625a 0000000000000000
0x000000dfcd4ff960:   0000024a6348a720 0000000000000001
0x000000dfcd4ff970:   0000024a63492cb0 00007ffee2353449
0x000000dfcd4ff980:   0000024a63492d48 0000000000000000
0x000000dfcd4ff990:   000000dfcd3ff301 0000000000000000
0x000000dfcd4ff9a0:   0000024a6347a140 0000024a63492cb0
0x000000dfcd4ff9b0:   000000008af00000 0000000000020000
0x000000dfcd4ff9c0:   000000008af00000 0000000000020000
0x000000dfcd4ff9d0:   0000000000000000 000000000002625a
0x000000dfcd4ff9e0:   00007ffee29f29c8 0000024a63490820 

Instructions: (pc=0x00007ffee233b305)
0x00007ffee233b205:   05 75 35 48 8b 83 a8 00 00 00 48 39 83 a0 00 00
0x00007ffee233b215:   00 73 10 48 8b 83 c0 00 00 00 48 39 83 b8 00 00
0x00007ffee233b225:   00 72 7f 48 8b cb e8 20 a3 01 00 b0 01 48 8b 5c
0x00007ffee233b235:   24 30 48 83 c4 20 5f c3 48 8b 53 30 44 8b 82 80
0x00007ffee233b245:   00 00 00 8b 82 00 01 00 00 41 8b c8 2b c8 81 e1
0x00007ffee233b255:   ff ff 01 00 81 f9 fe ff 01 00 72 2c 48 8b cb e8
0x00007ffee233b265:   a7 96 01 00 48 8b 53 30 44 8b 82 80 00 00 00 8b
0x00007ffee233b275:   82 00 01 00 00 41 8b c8 2b c8 81 e1 ff ff 01 00
0x00007ffee233b285:   81 f9 fe ff 01 00 73 1a 48 8b 82 80 01 00 00 4a
0x00007ffee233b295:   89 3c c0 41 8d 40 01 25 ff ff 01 00 89 82 80 00
0x00007ffee233b2a5:   00 00 48 8b 5c 24 30 b0 01 48 83 c4 20 5f c3 cc
0x00007ffee233b2b5:   cc cc cc cc cc cc cc cc cc cc cc 48 89 6c 24 10
0x00007ffee233b2c5:   48 89 74 24 18 57 48 83 ec 20 4c 8b 51 08 48 8b
0x00007ffee233b2d5:   f1 4d 8b c8 8b ea 49 8b f8 41 8b 8a 18 02 00 00
0x00007ffee233b2e5:   49 8b 82 10 02 00 00 48 d3 e0 8b 0d 1b 9b 90 00
0x00007ffee233b2f5:   4c 2b c8 49 8b 82 f8 01 00 00 49 d3 e9 45 8b c9
0x00007ffee233b305:   4a 8b 04 c8 48 8b 40 60 4c 3b c0 72 12 32 c0 48
0x00007ffee233b315:   8b 6c 24 38 48 8b 74 24 40 48 83 c4 20 5f c3 48
0x00007ffee233b325:   8b 46 10 48 8d 4e 10 48 8b d7 48 89 5c 24 30 ff
0x00007ffee233b335:   10 8b 4e 28 48 8b d7 48 2b 56 18 48 8b 46 30 48
0x00007ffee233b345:   c1 ea 03 48 d3 ea 48 8b ca 48 c1 e9 06 4c 8d 04
0x00007ffee233b355:   c8 0f b6 ca 49 8b 00 80 e1 3f ba 01 00 00 00 48
0x00007ffee233b365:   d3 e2 48 8b c8 48 0b ca 48 3b c8 74 12 f0 49 0f
0x00007ffee233b375:   b1 08 74 25 48 8b c8 48 0b ca 48 3b c8 75 ee 32
0x00007ffee233b385:   db 48 8b 6c 24 38 0f b6 c3 48 8b 5c 24 30 48 8b
0x00007ffee233b395:   74 24 40 48 83 c4 20 5f c3 80 3d 79 21 8a 00 00
0x00007ffee233b3a5:   b3 01 74 15 8b 57 08 8b 0d c6 0b 8a 00 48 d3 e2
0x00007ffee233b3b5:   48 03 15 b4 0b 8a 00 eb 04 48 8b 57 08 48 8b cf
0x00007ffee233b3c5:   e8 86 2f e2 ff 48 8b 8e b8 02 00 00 4c 8b d8 4c
0x00007ffee233b3d5:   8b 0c e9 49 8b 51 18 8b 8a 18 02 00 00 4c 8b 82
0x00007ffee233b3e5:   10 02 00 00 41 8b 51 60 49 d3 e0 8b 0d 1a 9a 90
0x00007ffee233b3f5:   00 49 2b f8 48 d3 ef 44 8b d7 49 23 d2 48 c1 e2 


Stack slot to memory mapping:

stack at sp + 0 slots: 0x000000008a70be98 is an oop: java.lang.Class$ReflectionData 
{0x000000008a70be98} - klass: 'java/lang/Class$ReflectionData'
 - ---- fields (total size 8 words):
 - final 'redefinedCount' 'I' @12  0 (0x00000000)
 - volatile 'declaredFields' '[Ljava/lang/reflect/Field;' @16  null (0x00000000)
 - volatile 'publicFields' '[Ljava/lang/reflect/Field;' @20  null (0x00000000)
 - volatile 'declaredMethods' '[Ljava/lang/reflect/Method;' @24  null (0x00000000)
 - volatile 'publicMethods' '[Ljava/lang/reflect/Method;' @28  null (0x00000000)
 - volatile 'declaredConstructors' '[Ljava/lang/reflect/Constructor;' @32  a 'java/lang/reflect/Constructor'[1] {0x000000008a70bed8} (0x8a70bed8)
 - volatile 'publicConstructors' '[Ljava/lang/reflect/Constructor;' @36  null (0x00000000)
 - volatile 'declaredPublicFields' '[Ljava/lang/reflect/Field;' @40  null (0x00000000)
 - volatile 'declaredPublicMethods' '[Ljava/lang/reflect/Method;' @44  null (0x00000000)
 - volatile 'interfaces' '[Ljava/lang/Class;' @48  a 'java/lang/Class'[2] {0x000000008a70bff8} (0x8a70bff8)
 - 'simpleName' 'Ljava/lang/String;' @52  null (0x00000000)
 - 'canonicalName' 'Ljava/lang/String;' @56  null (0x00000000)
stack at sp + 1 slots: 0x00007ffee233b3ca jvm.dll
stack at sp + 2 slots: 0x0000024a63492cb0 points into unknown readable memory: 0x00007ffee29f29a8 | a8 29 9f e2 fe 7f 00 00
stack at sp + 3 slots: 0x000000dfcd4ff8a0 points into unknown readable memory: 0x000000dfcd4ff9e0 | e0 f9 4f cd df 00 00 00
stack at sp + 4 slots: 0x0000000000000010 is an unknown value
stack at sp + 5 slots: 0x00007ffee233b19f jvm.dll
stack at sp + 6 slots: 0x000000008a70bef0 is an oop: java.lang.reflect.Constructor 
{0x000000008a70bef0} - klass: 'java/lang/reflect/Constructor'
 - ---- fields (total size 9 words):
 - 'override' 'Z' @12  false (0x00)
 - volatile 'accessCheckCache' 'Ljava/lang/Object;' @16  null (0x00000000)
 - private transient 'parameterData' 'Ljava/lang/reflect/Executable$ParameterData;' @20  null (0x00000000)
 - private volatile transient 'declaredAnnotations' 'Ljava/util/Map;' @24  
[error occurred during error reporting (inspecting top of stack), id 0xc0000005, EXCEPTION_ACCESS_VIOLATION (0xc0000005) at pc=0x00007ffee26d647d]
stack at sp + 7 slots: 0x000000dfcd4ff9e0 points into unknown readable memory: 0x00007ffee29f29c8 | c8 29 9f e2 fe 7f 00 00


---------------  P R O C E S S  ---------------

Threads class SMR info:
_java_thread_list=0x0000024a4cbb8500, length=47, elements={
0x0000024a7ff53030, 0x0000024a7ff53d50, 0x0000024a7ff59250, 0x0000024a7ff56de0,
0x0000024a7ff59f10, 0x0000024a7ff7c840, 0x0000024a7ff8aaf0, 0x0000024a7ff8dfb0,
0x0000024a451e9b40, 0x0000024a452972f0, 0x0000024a463f1af0, 0x0000024a45b30f80,
0x0000024a46402aa0, 0x0000024a4726a850, 0x0000024a47268e10, 0x0000024a472680f0,
0x0000024a47269b30, 0x0000024a4726aee0, 0x0000024a4726b570, 0x0000024a4826e460,
0x0000024a4826d740, 0x0000024a4826fea0, 0x0000024a4826f180, 0x0000024a4826d0b0,
0x0000024a4826ddd0, 0x0000024a4826eaf0, 0x0000024a48270530, 0x0000024a48270bc0,
0x0000024a4826b670, 0x0000024a482718e0, 0x0000024a4826f810, 0x0000024a4826afe0,
0x0000024a48272600, 0x0000024a4826bd00, 0x0000024a4826c390, 0x0000024a4826ca20,
0x0000024a4c679220, 0x0000024a4c677150, 0x0000024a4c67cd30, 0x0000024a4c67c010,
0x0000024a4c677e70, 0x0000024a4c675da0, 0x0000024a4c67c6a0, 0x0000024a4c67d3c0,
0x0000024a4c6798b0, 0x0000024a4c676ac0, 0x0000024a4c6777e0
}

Java Threads: ( => current thread )
  0x0000024a7ff53030 JavaThread "Reference Handler"          daemon [_thread_blocked, id=18436, stack(0x000000dfcd900000,0x000000dfcda00000) (1024K)]
  0x0000024a7ff53d50 JavaThread "Finalizer"                  daemon [_thread_blocked, id=14184, stack(0x000000dfcda00000,0x000000dfcdb00000) (1024K)]
  0x0000024a7ff59250 JavaThread "Signal Dispatcher"          daemon [_thread_blocked, id=9800, stack(0x000000dfcdb00000,0x000000dfcdc00000) (1024K)]
  0x0000024a7ff56de0 JavaThread "Attach Listener"            daemon [_thread_blocked, id=6024, stack(0x000000dfcdc00000,0x000000dfcdd00000) (1024K)]
  0x0000024a7ff59f10 JavaThread "Service Thread"             daemon [_thread_blocked, id=11436, stack(0x000000dfcdd00000,0x000000dfcde00000) (1024K)]
  0x0000024a7ff7c840 JavaThread "Monitor Deflation Thread"   daemon [_thread_blocked, id=17268, stack(0x000000dfcde00000,0x000000dfcdf00000) (1024K)]
  0x0000024a7ff8aaf0 JavaThread "C2 CompilerThread0"         daemon [_thread_blocked, id=8276, stack(0x000000dfcdf00000,0x000000dfce000000) (1024K)]
  0x0000024a7ff8dfb0 JavaThread "C1 CompilerThread0"         daemon [_thread_blocked, id=19976, stack(0x000000dfce000000,0x000000dfce100000) (1024K)]
  0x0000024a451e9b40 JavaThread "Common-Cleaner"             daemon [_thread_blocked, id=10608, stack(0x000000dfce100000,0x000000dfce200000) (1024K)]
  0x0000024a452972f0 JavaThread "Notification Thread"        daemon [_thread_blocked, id=17260, stack(0x000000dfce200000,0x000000dfce300000) (1024K)]
  0x0000024a463f1af0 JavaThread "RMI TCP Accept-0"           daemon [_thread_in_native, id=19884, stack(0x000000dfce500000,0x000000dfce600000) (1024K)]
  0x0000024a45b30f80 JavaThread "RMI TCP Accept-45556"       daemon [_thread_in_native, id=19656, stack(0x000000dfce600000,0x000000dfce700000) (1024K)]
  0x0000024a46402aa0 JavaThread "RMI TCP Accept-0"           daemon [_thread_in_native, id=7320, stack(0x000000dfce700000,0x000000dfce800000) (1024K)]
  0x0000024a4726a850 JavaThread "RMI Scheduler(0)"           daemon [_thread_blocked, id=12736, stack(0x000000dfcf400000,0x000000dfcf500000) (1024K)]
  0x0000024a47268e10 JavaThread "RMI TCP Connection(2)-127.0.0.1" daemon [_thread_in_native, id=13696, stack(0x000000dfcf700000,0x000000dfcf800000) (1024K)]
  0x0000024a472680f0 JavaThread "JMX server connection timeout 45" daemon [_thread_blocked, id=15368, stack(0x000000dfcf800000,0x000000dfcf900000) (1024K)]
  0x0000024a47269b30 JavaThread "Catalina-utility-1"                [_thread_blocked, id=6344, stack(0x000000dfcf900000,0x000000dfcfa00000) (1024K)]
  0x0000024a4726aee0 JavaThread "Catalina-utility-2"                [_thread_blocked, id=18516, stack(0x000000dfcfa00000,0x000000dfcfb00000) (1024K)]
  0x0000024a4726b570 JavaThread "container-0"                       [_thread_blocked, id=18560, stack(0x000000dfcfb00000,0x000000dfcfc00000) (1024K)]
  0x0000024a4826e460 JavaThread "mysql-cj-abandoned-connection-cleanup" daemon [_thread_blocked, id=16100, stack(0x000000dfcfc00000,0x000000dfcfd00000) (1024K)]
  0x0000024a4826d740 JavaThread "HikariPool-1 housekeeper"   daemon [_thread_blocked, id=20292, stack(0x000000dfcfe00000,0x000000dfcff00000) (1024K)]
  0x0000024a4826fea0 JavaThread "quartzScheduler_Worker-1"          [_thread_blocked, id=17292, stack(0x000000dfd0000000,0x000000dfd0100000) (1024K)]
  0x0000024a4826f180 JavaThread "quartzScheduler_Worker-2"          [_thread_blocked, id=10144, stack(0x000000dfd0100000,0x000000dfd0200000) (1024K)]
  0x0000024a4826d0b0 JavaThread "quartzScheduler_Worker-3"          [_thread_blocked, id=18896, stack(0x000000dfd0200000,0x000000dfd0300000) (1024K)]
  0x0000024a4826ddd0 JavaThread "quartzScheduler_Worker-4"          [_thread_blocked, id=19688, stack(0x000000dfd0300000,0x000000dfd0400000) (1024K)]
  0x0000024a4826eaf0 JavaThread "quartzScheduler_Worker-5"          [_thread_blocked, id=14564, stack(0x000000dfd0400000,0x000000dfd0500000) (1024K)]
  0x0000024a48270530 JavaThread "quartzScheduler_Worker-6"          [_thread_blocked, id=10380, stack(0x000000dfd0500000,0x000000dfd0600000) (1024K)]
  0x0000024a48270bc0 JavaThread "quartzScheduler_Worker-7"          [_thread_blocked, id=15616, stack(0x000000dfd0600000,0x000000dfd0700000) (1024K)]
  0x0000024a4826b670 JavaThread "quartzScheduler_Worker-8"          [_thread_blocked, id=19628, stack(0x000000dfd0700000,0x000000dfd0800000) (1024K)]
  0x0000024a482718e0 JavaThread "quartzScheduler_Worker-9"          [_thread_blocked, id=20172, stack(0x000000dfd0800000,0x000000dfd0900000) (1024K)]
  0x0000024a4826f810 JavaThread "quartzScheduler_Worker-10"         [_thread_blocked, id=5992, stack(0x000000dfd0900000,0x000000dfd0a00000) (1024K)]
  0x0000024a4826afe0 JavaThread "quartzScheduler_QuartzSchedulerThread"        [_thread_blocked, id=9008, stack(0x000000dfd0a00000,0x000000dfd0b00000) (1024K)]
  0x0000024a48272600 JavaThread "File Watcher"               daemon [_thread_blocked, id=19696, stack(0x000000dfd0b00000,0x000000dfd0c00000) (1024K)]
  0x0000024a4826bd00 JavaThread "Live Reload Server"         daemon [_thread_in_native, id=10684, stack(0x000000dfd0d00000,0x000000dfd0e00000) (1024K)]
  0x0000024a4826c390 JavaThread "http-nio-8080-exec-1"       daemon [_thread_blocked, id=3484, stack(0x000000dfd0c00000,0x000000dfd0d00000) (1024K)]
  0x0000024a4826ca20 JavaThread "http-nio-8080-exec-2"       daemon [_thread_blocked, id=20052, stack(0x000000dfd0e00000,0x000000dfd0f00000) (1024K)]
  0x0000024a4c679220 JavaThread "http-nio-8080-exec-3"       daemon [_thread_blocked, id=10696, stack(0x000000dfd0f00000,0x000000dfd1000000) (1024K)]
  0x0000024a4c677150 JavaThread "http-nio-8080-exec-4"       daemon [_thread_blocked, id=1860, stack(0x000000dfd1000000,0x000000dfd1100000) (1024K)]
  0x0000024a4c67cd30 JavaThread "http-nio-8080-exec-5"       daemon [_thread_blocked, id=308, stack(0x000000dfd1100000,0x000000dfd1200000) (1024K)]
  0x0000024a4c67c010 JavaThread "http-nio-8080-exec-6"       daemon [_thread_blocked, id=11796, stack(0x000000dfd1200000,0x000000dfd1300000) (1024K)]
  0x0000024a4c677e70 JavaThread "http-nio-8080-exec-7"       daemon [_thread_blocked, id=12016, stack(0x000000dfd1300000,0x000000dfd1400000) (1024K)]
  0x0000024a4c675da0 JavaThread "http-nio-8080-exec-8"       daemon [_thread_blocked, id=17172, stack(0x000000dfd1400000,0x000000dfd1500000) (1024K)]
  0x0000024a4c67c6a0 JavaThread "http-nio-8080-exec-9"       daemon [_thread_blocked, id=19180, stack(0x000000dfd1500000,0x000000dfd1600000) (1024K)]
  0x0000024a4c67d3c0 JavaThread "http-nio-8080-exec-10"      daemon [_thread_blocked, id=9448, stack(0x000000dfd1600000,0x000000dfd1700000) (1024K)]
  0x0000024a4c6798b0 JavaThread "http-nio-8080-Poller"       daemon [_thread_in_native, id=19892, stack(0x000000dfd1700000,0x000000dfd1800000) (1024K)]
  0x0000024a4c676ac0 JavaThread "http-nio-8080-Acceptor"     daemon [_thread_in_native, id=2156, stack(0x000000dfd1800000,0x000000dfd1900000) (1024K)]
  0x0000024a4c6777e0 JavaThread "DestroyJavaVM"                     [_thread_blocked, id=20132, stack(0x000000dfcd100000,0x000000dfcd200000) (1024K)]
Total: 47

Other Threads:
  0x0000024a7ff35200 VMThread "VM Thread"                           [id=15636, stack(0x000000dfcd800000,0x000000dfcd900000) (1024K)]
  0x0000024a7ff1c390 WatcherThread "VM Periodic Task Thread"        [id=3024, stack(0x000000dfcd700000,0x000000dfcd800000) (1024K)]
  0x0000024a63479b40 WorkerThread "GC Thread#0"                     [id=11512, stack(0x000000dfcd200000,0x000000dfcd300000) (1024K)]
  0x0000024a465199c0 WorkerThread "GC Thread#1"                     [id=6312, stack(0x000000dfce800000,0x000000dfce900000) (1024K)]
  0x0000024a4654dbe0 WorkerThread "GC Thread#2"                     [id=4124, stack(0x000000dfce900000,0x000000dfcea00000) (1024K)]
  0x0000024a462666b0 WorkerThread "GC Thread#3"                     [id=15948, stack(0x000000dfcea00000,0x000000dfceb00000) (1024K)]
  0x0000024a4646b980 WorkerThread "GC Thread#4"                     [id=19960, stack(0x000000dfceb00000,0x000000dfcec00000) (1024K)]
  0x0000024a4646bd20 WorkerThread "GC Thread#5"                     [id=7992, stack(0x000000dfcec00000,0x000000dfced00000) (1024K)]
  0x0000024a4646e4e0 WorkerThread "GC Thread#6"                     [id=19784, stack(0x000000dfced00000,0x000000dfcee00000) (1024K)]
  0x0000024a4646e880 WorkerThread "GC Thread#7"                     [id=19280, stack(0x000000dfcee00000,0x000000dfcef00000) (1024K)]
  0x0000024a4646f030 WorkerThread "GC Thread#8"                     [id=1276, stack(0x000000dfcef00000,0x000000dfcf000000) (1024K)]
  0x0000024a467b2320 WorkerThread "GC Thread#9"                     [id=10352, stack(0x000000dfcf300000,0x000000dfcf400000) (1024K)]
  0x0000024a634897b0 ConcurrentGCThread "G1 Main Marker"            [id=16240, stack(0x000000dfcd300000,0x000000dfcd400000) (1024K)]
=>0x0000024a6348a370 WorkerThread "G1 Conc#0"                       [id=17208, stack(0x000000dfcd400000,0x000000dfcd500000) (1024K)]
  0x0000024a467b26c0 WorkerThread "G1 Conc#1"                       [id=19540, stack(0x000000dfcf500000,0x000000dfcf600000) (1024K)]
  0x0000024a467b14a0 WorkerThread "G1 Conc#2"                       [id=19476, stack(0x000000dfcf600000,0x000000dfcf700000) (1024K)]
  0x0000024a634ce3f0 ConcurrentGCThread "G1 Refine#0"               [id=2292, stack(0x000000dfcd500000,0x000000dfcd600000) (1024K)]
  0x0000024a7fde7180 ConcurrentGCThread "G1 Service"                [id=16204, stack(0x000000dfcd600000,0x000000dfcd700000) (1024K)]
Total: 18

Threads with active compile tasks:
Total: 0

VM state: not at safepoint (normal execution)

VM Mutex/Monitor currently owned by a thread: None

Heap address: 0x0000000089400000, size: 1900 MB, Compressed Oops mode: 32-bit

CDS archive(s) mapped at: [0x0000024a00000000-0x0000024a00c90000-0x0000024a00c90000), size 13172736, SharedBaseAddress: 0x0000024a00000000, ArchiveRelocationMode: 1.
Compressed class space mapped at: 0x0000024a01000000-0x0000024a41000000, reserved size: 1073741824
Narrow klass base: 0x0000024a00000000, Narrow klass shift: 0, Narrow klass range: 0x100000000

GC Precious Log:
 CardTable entry size: 512
 Card Set container configuration: InlinePtr #cards 5 size 8 Array Of Cards #cards 12 size 40 Howl #buckets 4 coarsen threshold 1843 Howl Bitmap #cards 512 size 80 coarsen threshold 460 Card regions per heap region 1 cards per card region 2048
 CPUs: 12 total, 12 available
 Memory: 7599M
 Large Page Support: Disabled
 NUMA Support: Disabled
 Compressed Oops: Enabled (32-bit)
 Heap Region Size: 1M
 Heap Min Capacity: 8M
 Heap Initial Capacity: 120M
 Heap Max Capacity: 1900M
 Pre-touch: Disabled
 Parallel Workers: 10
 Concurrent Workers: 3
 Concurrent Refinement Workers: 10
 Periodic GC: Disabled

Heap:
 garbage-first heap   total 73728K, used 42444K [0x0000000089400000, 0x0000000100000000)
  region size 1024K, 3 young (3072K), 2 survivors (2048K)
 Metaspace       used 87218K, committed 88128K, reserved 1179648K
  class space    used 11687K, committed 12096K, reserved 1048576K

Heap Regions: E=young(eden), S=young(survivor), O=old, HS=humongous(starts), HC=humongous(continues), CS=collection set, F=free, TAMS=top-at-mark-start, PB=parsable bottom
|   0|0x0000000089400000, 0x0000000089500000, 0x0000000089500000|100%|HS|  |TAMS 0x0000000089500000| PB 0x0000000089400000| Complete 
|   1|0x0000000089500000, 0x0000000089600000, 0x0000000089600000|100%|HS|  |TAMS 0x0000000089600000| PB 0x0000000089500000| Complete 
|   2|0x0000000089600000, 0x0000000089700000, 0x0000000089700000|100%| O|  |TAMS 0x0000000089700000| PB 0x0000000089600000| Untracked 
|   3|0x0000000089700000, 0x0000000089800000, 0x0000000089800000|100%| O|  |TAMS 0x0000000089800000| PB 0x0000000089700000| Untracked 
|   4|0x0000000089800000, 0x0000000089900000, 0x0000000089900000|100%| O|  |TAMS 0x0000000089900000| PB 0x0000000089800000| Untracked 
|   5|0x0000000089900000, 0x0000000089a00000, 0x0000000089a00000|100%| O|  |TAMS 0x0000000089a00000| PB 0x0000000089900000| Untracked 
|   6|0x0000000089a00000, 0x0000000089b00000, 0x0000000089b00000|100%| O|  |TAMS 0x0000000089b00000| PB 0x0000000089a00000| Untracked 
|   7|0x0000000089b00000, 0x0000000089c00000, 0x0000000089c00000|100%| O|  |TAMS 0x0000000089c00000| PB 0x0000000089b00000| Untracked 
|   8|0x0000000089c00000, 0x0000000089d00000, 0x0000000089d00000|100%| O|  |TAMS 0x0000000089d00000| PB 0x0000000089c00000| Untracked 
|   9|0x0000000089d00000, 0x0000000089e00000, 0x0000000089e00000|100%| O|  |TAMS 0x0000000089e00000| PB 0x0000000089d00000| Untracked 
|  10|0x0000000089e00000, 0x0000000089f00000, 0x0000000089f00000|100%| O|  |TAMS 0x0000000089f00000| PB 0x0000000089e00000| Untracked 
|  11|0x0000000089f00000, 0x000000008a000000, 0x000000008a000000|100%| O|  |TAMS 0x000000008a000000| PB 0x0000000089f00000| Untracked 
|  12|0x000000008a000000, 0x000000008a100000, 0x000000008a100000|100%| O|  |TAMS 0x000000008a100000| PB 0x000000008a000000| Untracked 
|  13|0x000000008a100000, 0x000000008a200000, 0x000000008a200000|100%| O|  |TAMS 0x000000008a200000| PB 0x000000008a100000| Untracked 
|  14|0x000000008a200000, 0x000000008a300000, 0x000000008a300000|100%| O|  |TAMS 0x000000008a300000| PB 0x000000008a200000| Untracked 
|  15|0x000000008a300000, 0x000000008a400000, 0x000000008a400000|100%| O|  |TAMS 0x000000008a400000| PB 0x000000008a300000| Untracked 
|  16|0x000000008a400000, 0x000000008a500000, 0x000000008a500000|100%| O|  |TAMS 0x000000008a500000| PB 0x000000008a400000| Untracked 
|  17|0x000000008a500000, 0x000000008a600000, 0x000000008a600000|100%| O|  |TAMS 0x000000008a600000| PB 0x000000008a500000| Untracked 
|  18|0x000000008a600000, 0x000000008a700000, 0x000000008a700000|100%| O|  |TAMS 0x000000008a700000| PB 0x000000008a600000| Untracked 
|  19|0x000000008a700000, 0x000000008a800000, 0x000000008a800000|100%| O|  |TAMS 0x000000008a800000| PB 0x000000008a700000| Untracked 
|  20|0x000000008a800000, 0x000000008a900000, 0x000000008a900000|100%| O|  |TAMS 0x000000008a900000| PB 0x000000008a800000| Untracked 
|  21|0x000000008a900000, 0x000000008aa00000, 0x000000008aa00000|100%| O|  |TAMS 0x000000008aa00000| PB 0x000000008a900000| Untracked 
|  22|0x000000008aa00000, 0x000000008ab00000, 0x000000008ab00000|100%| O|  |TAMS 0x000000008ab00000| PB 0x000000008aa00000| Untracked 
|  23|0x000000008ab00000, 0x000000008ac00000, 0x000000008ac00000|100%| O|  |TAMS 0x000000008ac00000| PB 0x000000008ab00000| Untracked 
|  24|0x000000008ac00000, 0x000000008ad00000, 0x000000008ad00000|100%| O|  |TAMS 0x000000008ad00000| PB 0x000000008ac00000| Untracked 
|  25|0x000000008ad00000, 0x000000008ae00000, 0x000000008ae00000|100%| O|  |TAMS 0x000000008ae00000| PB 0x000000008ad00000| Untracked 
|  26|0x000000008ae00000, 0x000000008af00000, 0x000000008af00000|100%| O|  |TAMS 0x000000008af00000| PB 0x000000008ae00000| Untracked 
|  27|0x000000008af00000, 0x000000008b000000, 0x000000008b000000|100%| O|  |TAMS 0x000000008b000000| PB 0x000000008af00000| Untracked 
|  28|0x000000008b000000, 0x000000008b100000, 0x000000008b100000|100%| O|  |TAMS 0x000000008b100000| PB 0x000000008b000000| Untracked 
|  29|0x000000008b100000, 0x000000008b200000, 0x000000008b200000|100%| O|  |TAMS 0x000000008b200000| PB 0x000000008b100000| Untracked 
|  30|0x000000008b200000, 0x000000008b300000, 0x000000008b300000|100%| O|  |TAMS 0x000000008b300000| PB 0x000000008b200000| Untracked 
|  31|0x000000008b300000, 0x000000008b400000, 0x000000008b400000|100%| O|  |TAMS 0x000000008b400000| PB 0x000000008b300000| Untracked 
|  32|0x000000008b400000, 0x000000008b486d08, 0x000000008b500000| 52%| O|  |TAMS 0x000000008b400000| PB 0x000000008b400000| Untracked 
|  33|0x000000008b500000, 0x000000008b600000, 0x000000008b600000|100%| O|  |TAMS 0x000000008b600000| PB 0x000000008b500000| Untracked 
|  34|0x000000008b600000, 0x000000008b700000, 0x000000008b700000|100%| O|  |TAMS 0x000000008b700000| PB 0x000000008b600000| Untracked 
|  35|0x000000008b700000, 0x000000008b800000, 0x000000008b800000|100%| O|  |TAMS 0x000000008b800000| PB 0x000000008b700000| Untracked 
|  36|0x000000008b800000, 0x000000008b900000, 0x000000008b900000|100%| O|  |TAMS 0x000000008b878b40| PB 0x000000008b800000| Untracked 
|  37|0x000000008b900000, 0x000000008b900000, 0x000000008ba00000|  0%| F|  |TAMS 0x000000008b900000| PB 0x000000008b900000| Untracked 
|  38|0x000000008ba00000, 0x000000008bb00000, 0x000000008bb00000|100%| O|  |TAMS 0x000000008bb00000| PB 0x000000008ba00000| Untracked 
|  39|0x000000008bb00000, 0x000000008bc00000, 0x000000008bc00000|100%| O|  |TAMS 0x000000008bc00000| PB 0x000000008bb00000| Untracked 
|  40|0x000000008bc00000, 0x000000008bc00000, 0x000000008bd00000|  0%| F|  |TAMS 0x000000008bc00000| PB 0x000000008bc00000| Untracked 
|  41|0x000000008bd00000, 0x000000008be00000, 0x000000008be00000|100%| O|  |TAMS 0x000000008be00000| PB 0x000000008bd00000| Untracked 
|  42|0x000000008be00000, 0x000000008be00000, 0x000000008bf00000|  0%| F|  |TAMS 0x000000008be00000| PB 0x000000008be00000| Untracked 
|  43|0x000000008bf00000, 0x000000008bf00000, 0x000000008c000000|  0%| F|  |TAMS 0x000000008bf00000| PB 0x000000008bf00000| Untracked 
|  44|0x000000008c000000, 0x000000008c000000, 0x000000008c100000|  0%| F|  |TAMS 0x000000008c000000| PB 0x000000008c000000| Untracked 
|  45|0x000000008c100000, 0x000000008c100000, 0x000000008c200000|  0%| F|  |TAMS 0x000000008c100000| PB 0x000000008c100000| Untracked 
|  46|0x000000008c200000, 0x000000008c200000, 0x000000008c300000|  0%| F|  |TAMS 0x000000008c200000| PB 0x000000008c200000| Untracked 
|  47|0x000000008c300000, 0x000000008c300000, 0x000000008c400000|  0%| F|  |TAMS 0x000000008c300000| PB 0x000000008c300000| Untracked 
|  48|0x000000008c400000, 0x000000008c4ec3d0, 0x000000008c500000| 92%| S|CS|TAMS 0x000000008c400000| PB 0x000000008c400000| Complete 
|  49|0x000000008c500000, 0x000000008c600000, 0x000000008c600000|100%| S|CS|TAMS 0x000000008c500000| PB 0x000000008c500000| Complete 
|  50|0x000000008c600000, 0x000000008c600000, 0x000000008c700000|  0%| F|  |TAMS 0x000000008c600000| PB 0x000000008c600000| Untracked 
|  51|0x000000008c700000, 0x000000008c700000, 0x000000008c800000|  0%| F|  |TAMS 0x000000008c700000| PB 0x000000008c700000| Untracked 
|  52|0x000000008c800000, 0x000000008c800000, 0x000000008c900000|  0%| F|  |TAMS 0x000000008c800000| PB 0x000000008c800000| Untracked 
|  53|0x000000008c900000, 0x000000008c900000, 0x000000008ca00000|  0%| F|  |TAMS 0x000000008c900000| PB 0x000000008c900000| Untracked 
|  54|0x000000008ca00000, 0x000000008ca00000, 0x000000008cb00000|  0%| F|  |TAMS 0x000000008ca00000| PB 0x000000008ca00000| Untracked 
|  55|0x000000008cb00000, 0x000000008cb00000, 0x000000008cc00000|  0%| F|  |TAMS 0x000000008cb00000| PB 0x000000008cb00000| Untracked 
|  56|0x000000008cc00000, 0x000000008cc00000, 0x000000008cd00000|  0%| F|  |TAMS 0x000000008cc00000| PB 0x000000008cc00000| Untracked 
|  57|0x000000008cd00000, 0x000000008cd00000, 0x000000008ce00000|  0%| F|  |TAMS 0x000000008cd00000| PB 0x000000008cd00000| Untracked 
|  58|0x000000008ce00000, 0x000000008ce00000, 0x000000008cf00000|  0%| F|  |TAMS 0x000000008ce00000| PB 0x000000008ce00000| Untracked 
|  59|0x000000008cf00000, 0x000000008cf00000, 0x000000008d000000|  0%| F|  |TAMS 0x000000008cf00000| PB 0x000000008cf00000| Untracked 
|  60|0x000000008d000000, 0x000000008d000000, 0x000000008d100000|  0%| F|  |TAMS 0x000000008d000000| PB 0x000000008d000000| Untracked 
|  61|0x000000008d100000, 0x000000008d100000, 0x000000008d200000|  0%| F|  |TAMS 0x000000008d100000| PB 0x000000008d100000| Untracked 
|  62|0x000000008d200000, 0x000000008d200000, 0x000000008d300000|  0%| F|  |TAMS 0x000000008d200000| PB 0x000000008d200000| Untracked 
|  63|0x000000008d300000, 0x000000008d300000, 0x000000008d400000|  0%| F|  |TAMS 0x000000008d300000| PB 0x000000008d300000| Untracked 
|  64|0x000000008d400000, 0x000000008d400000, 0x000000008d500000|  0%| F|  |TAMS 0x000000008d400000| PB 0x000000008d400000| Untracked 
|  65|0x000000008d500000, 0x000000008d500000, 0x000000008d600000|  0%| F|  |TAMS 0x000000008d500000| PB 0x000000008d500000| Untracked 
|  83|0x000000008e700000, 0x000000008e700000, 0x000000008e800000|  0%| F|  |TAMS 0x000000008e700000| PB 0x000000008e700000| Untracked 
|  84|0x000000008e800000, 0x000000008e800000, 0x000000008e900000|  0%| F|  |TAMS 0x000000008e800000| PB 0x000000008e800000| Untracked 
|  85|0x000000008e900000, 0x000000008e900000, 0x000000008ea00000|  0%| F|  |TAMS 0x000000008e900000| PB 0x000000008e900000| Untracked 
|  86|0x000000008ea00000, 0x000000008ea00000, 0x000000008eb00000|  0%| F|  |TAMS 0x000000008ea00000| PB 0x000000008ea00000| Untracked 
|  87|0x000000008eb00000, 0x000000008eb00000, 0x000000008ec00000|  0%| F|  |TAMS 0x000000008eb00000| PB 0x000000008eb00000| Untracked 
| 119|0x0000000090b00000, 0x0000000090b2a2a8, 0x0000000090c00000| 16%| E|  |TAMS 0x0000000090b00000| PB 0x0000000090b00000| Complete 

Card table byte_map: [0x0000024a7b180000,0x0000024a7b540000] _byte_map_base: 0x0000024a7ad36000

Marking Bits: (CMBitMap*) 0x0000024a6347a150
 Bits: [0x0000024a7b540000, 0x0000024a7d2f0000)

Polling page: 0x0000024a61220000

Metaspace:

Usage:
  Non-class:     73.76 MB used.
      Class:     11.41 MB used.
       Both:     85.17 MB used.

Virtual space:
  Non-class space:      128.00 MB reserved,      74.25 MB ( 58%) committed,  2 nodes.
      Class space:        1.00 GB reserved,      11.81 MB (  1%) committed,  1 nodes.
             Both:        1.12 GB reserved,      86.06 MB (  7%) committed. 

Chunk freelists:
   Non-Class:  4.85 MB
       Class:  4.20 MB
        Both:  9.04 MB

MaxMetaspaceSize: unlimited
CompressedClassSpaceSize: 1.00 GB
Initial GC threshold: 21.00 MB
Current GC threshold: 129.50 MB
CDS: on
 - commit_granule_bytes: 65536.
 - commit_granule_words: 8192.
 - virtual_space_node_default_size: 8388608.
 - enlarge_chunks_in_place: 1.
 - use_allocation_guard: 0.


Internal statistics:

num_allocs_failed_limit: 9.
num_arena_births: 1372.
num_arena_deaths: 2.
num_vsnodes_births: 3.
num_vsnodes_deaths: 0.
num_space_committed: 1377.
num_space_uncommitted: 0.
num_chunks_returned_to_freelist: 12.
num_chunks_taken_from_freelist: 4490.
num_chunk_merges: 9.
num_chunk_splits: 3148.
num_chunks_enlarged: 2380.
num_inconsistent_stats: 0.

CodeHeap 'non-profiled nmethods': size=120000Kb used=5715Kb max_used=5715Kb free=114284Kb
 bounds [0x0000024a73340000, 0x0000024a738e0000, 0x0000024a7a870000]
CodeHeap 'profiled nmethods': size=120000Kb used=14388Kb max_used=14388Kb free=105611Kb
 bounds [0x0000024a6b870000, 0x0000024a6c680000, 0x0000024a72da0000]
CodeHeap 'non-nmethods': size=5760Kb used=1765Kb max_used=1817Kb free=3994Kb
 bounds [0x0000024a72da0000, 0x0000024a73010000, 0x0000024a73340000]
 total_blobs=8278 nmethods=7505 adapters=676
 compilation: enabled
              stopped_count=0, restarted_count=0
 full_count=0

Compilation events (20 events):
Event: 339.126 Thread 0x0000024a7ff8dfb0 nmethod 8839 0x0000024a6c66cb10 code [0x0000024a6c66d280, 0x0000024a6c670ec8]
Event: 339.126 Thread 0x0000024a7ff8dfb0 8836       3       sun.rmi.transport.Transport$1::run (5 bytes)
Event: 339.126 Thread 0x0000024a7ff8dfb0 nmethod 8836 0x0000024a6c673510 code [0x0000024a6c6736e0, 0x0000024a6c6739d0]
Event: 339.126 Thread 0x0000024a7ff8dfb0 8837       3       sun.rmi.transport.Transport$1::run (30 bytes)
Event: 339.126 Thread 0x0000024a7ff8dfb0 nmethod 8837 0x0000024a6c673b90 code [0x0000024a6c673d60, 0x0000024a6c673fe0]
Event: 339.126 Thread 0x0000024a7ff8dfb0 8838       3       sun.rmi.transport.tcp.TCPTransport::checkAcceptPermission (40 bytes)
Event: 339.126 Thread 0x0000024a7ff8dfb0 nmethod 8838 0x0000024a6c674110 code [0x0000024a6c6742c0, 0x0000024a6c6744b0]
Event: 339.126 Thread 0x0000024a7ff8dfb0 8840   !   3       sun.rmi.server.UnicastServerRef::logCall (65 bytes)
Event: 339.127 Thread 0x0000024a7ff8dfb0 nmethod 8840 0x0000024a6c674590 code [0x0000024a6c674840, 0x0000024a6c675508]
Event: 350.138 Thread 0x0000024a7ff8dfb0 8841       3       javax.management.remote.rmi.RMIConnectionImpl::doOperation (683 bytes)
Event: 350.140 Thread 0x0000024a7ff8dfb0 nmethod 8841 0x0000024a6c675b10 code [0x0000024a6c676280, 0x0000024a6c67b3c8]
Event: 350.140 Thread 0x0000024a7ff8dfb0 8842   !   3       com.sun.jmx.remote.internal.ServerCommunicatorAdmin::rspOutgoing (76 bytes)
Event: 350.140 Thread 0x0000024a7ff8dfb0 nmethod 8842 0x0000024a6c67c610 code [0x0000024a6c67c820, 0x0000024a6c67cdf8]
Event: 378.910 Thread 0x0000024a7ff8aaf0 8843       4       java.util.TreeMap$PrivateEntryIterator::<init> (28 bytes)
Event: 378.912 Thread 0x0000024a7ff8dfb0 8846       1       java.lang.management.MemoryUsage::getUsed (5 bytes)
Event: 378.912 Thread 0x0000024a7ff8dfb0 nmethod 8846 0x0000024a738d2190 code [0x0000024a738d2320, 0x0000024a738d23e8]
Event: 378.912 Thread 0x0000024a7ff8aaf0 nmethod 8843 0x0000024a738d2490 code [0x0000024a738d2620, 0x0000024a738d28f0]
Event: 378.912 Thread 0x0000024a7ff8aaf0 8845       4       java.util.TreeMap::containsKey (14 bytes)
Event: 378.920 Thread 0x0000024a7ff8aaf0 nmethod 8845 0x0000024a738d2990 code [0x0000024a738d2b80, 0x0000024a738d3510]
Event: 378.920 Thread 0x0000024a7ff8aaf0 8844   !   4       java.util.concurrent.ConcurrentHashMap::replaceNode (437 bytes)

GC Heap History (20 events):
Event: 7.390 GC heap before
{Heap before GC invocations=14 (full 0):
 garbage-first heap   total 61440K, used 40106K [0x0000000089400000, 0x0000000100000000)
  region size 1024K, 14 young (14336K), 2 survivors (2048K)
 Metaspace       used 59862K, committed 60480K, reserved 1114112K
  class space    used 7750K, committed 8064K, reserved 1048576K
}
Event: 7.392 GC heap after
{Heap after GC invocations=15 (full 0):
 garbage-first heap   total 61440K, used 30292K [0x0000000089400000, 0x0000000100000000)
  region size 1024K, 2 young (2048K), 2 survivors (2048K)
 Metaspace       used 59862K, committed 60480K, reserved 1114112K
  class space    used 7750K, committed 8064K, reserved 1048576K
}
Event: 7.928 GC heap before
{Heap before GC invocations=16 (full 0):
 garbage-first heap   total 61440K, used 54868K [0x0000000089400000, 0x0000000100000000)
  region size 1024K, 26 young (26624K), 2 survivors (2048K)
 Metaspace       used 67139K, committed 67840K, reserved 1114112K
  class space    used 8940K, committed 9280K, reserved 1048576K
}
Event: 7.931 GC heap after
{Heap after GC invocations=17 (full 0):
 garbage-first heap   total 61440K, used 31448K [0x0000000089400000, 0x0000000100000000)
  region size 1024K, 3 young (3072K), 3 survivors (3072K)
 Metaspace       used 67139K, committed 67840K, reserved 1114112K
  class space    used 8940K, committed 9280K, reserved 1048576K
}
Event: 8.430 GC heap before
{Heap before GC invocations=17 (full 0):
 garbage-first heap   total 61440K, used 53976K [0x0000000089400000, 0x0000000100000000)
  region size 1024K, 26 young (26624K), 3 survivors (3072K)
 Metaspace       used 71517K, committed 72256K, reserved 1114112K
  class space    used 9455K, committed 9792K, reserved 1048576K
}
Event: 8.435 GC heap after
{Heap after GC invocations=18 (full 0):
 garbage-first heap   total 61440K, used 32947K [0x0000000089400000, 0x0000000100000000)
  region size 1024K, 4 young (4096K), 4 survivors (4096K)
 Metaspace       used 71517K, committed 72256K, reserved 1114112K
  class space    used 9455K, committed 9792K, reserved 1048576K
}
Event: 9.002 GC heap before
{Heap before GC invocations=18 (full 0):
 garbage-first heap   total 61440K, used 53427K [0x0000000089400000, 0x0000000100000000)
  region size 1024K, 24 young (24576K), 4 survivors (4096K)
 Metaspace       used 74664K, committed 75392K, reserved 1114112K
  class space    used 9914K, committed 10240K, reserved 1048576K
}
Event: 9.009 GC heap after
{Heap after GC invocations=19 (full 0):
 garbage-first heap   total 73728K, used 34733K [0x0000000089400000, 0x0000000100000000)
  region size 1024K, 2 young (2048K), 2 survivors (2048K)
 Metaspace       used 74664K, committed 75392K, reserved 1114112K
  class space    used 9914K, committed 10240K, reserved 1048576K
}
Event: 9.594 GC heap before
{Heap before GC invocations=20 (full 0):
 garbage-first heap   total 73728K, used 66477K [0x0000000089400000, 0x0000000100000000)
  region size 1024K, 33 young (33792K), 2 survivors (2048K)
 Metaspace       used 76399K, committed 77120K, reserved 1179648K
  class space    used 10191K, committed 10496K, reserved 1048576K
}
Event: 9.600 GC heap after
{Heap after GC invocations=21 (full 0):
 garbage-first heap   total 73728K, used 37255K [0x0000000089400000, 0x0000000100000000)
  region size 1024K, 5 young (5120K), 5 survivors (5120K)
 Metaspace       used 76399K, committed 77120K, reserved 1179648K
  class space    used 10191K, committed 10496K, reserved 1048576K
}
Event: 9.888 GC heap before
{Heap before GC invocations=21 (full 0):
 garbage-first heap   total 73728K, used 62855K [0x0000000089400000, 0x0000000100000000)
  region size 1024K, 30 young (30720K), 5 survivors (5120K)
 Metaspace       used 77204K, committed 77952K, reserved 1179648K
  class space    used 10307K, committed 10624K, reserved 1048576K
}
Event: 9.894 GC heap after
{Heap after GC invocations=22 (full 0):
 garbage-first heap   total 73728K, used 38186K [0x0000000089400000, 0x0000000100000000)
  region size 1024K, 2 young (2048K), 2 survivors (2048K)
 Metaspace       used 77204K, committed 77952K, reserved 1179648K
  class space    used 10307K, committed 10624K, reserved 1048576K
}
Event: 10.660 GC heap before
{Heap before GC invocations=22 (full 0):
 garbage-first heap   total 73728K, used 65834K [0x0000000089400000, 0x0000000100000000)
  region size 1024K, 29 young (29696K), 2 survivors (2048K)
 Metaspace       used 78478K, committed 79296K, reserved 1179648K
  class space    used 10503K, committed 10880K, reserved 1048576K
}
Event: 10.668 GC heap after
{Heap after GC invocations=23 (full 0):
 garbage-first heap   total 73728K, used 40110K [0x0000000089400000, 0x0000000100000000)
  region size 1024K, 4 young (4096K), 4 survivors (4096K)
 Metaspace       used 78478K, committed 79296K, reserved 1179648K
  class space    used 10503K, committed 10880K, reserved 1048576K
}
Event: 12.892 GC heap before
{Heap before GC invocations=24 (full 0):
 garbage-first heap   total 73728K, used 63662K [0x0000000089400000, 0x0000000100000000)
  region size 1024K, 27 young (27648K), 4 survivors (4096K)
 Metaspace       used 79876K, committed 80768K, reserved 1179648K
  class space    used 10715K, committed 11136K, reserved 1048576K
}
Event: 12.897 GC heap after
{Heap after GC invocations=25 (full 0):
 garbage-first heap   total 73728K, used 41075K [0x0000000089400000, 0x0000000100000000)
  region size 1024K, 2 young (2048K), 2 survivors (2048K)
 Metaspace       used 79876K, committed 80768K, reserved 1179648K
  class space    used 10715K, committed 11136K, reserved 1048576K
}
Event: 18.487 GC heap before
{Heap before GC invocations=25 (full 0):
 garbage-first heap   total 73728K, used 64627K [0x0000000089400000, 0x0000000100000000)
  region size 1024K, 26 young (26624K), 2 survivors (2048K)
 Metaspace       used 83020K, committed 83968K, reserved 1179648K
  class space    used 11137K, committed 11584K, reserved 1048576K
}
Event: 18.492 GC heap after
{Heap after GC invocations=26 (full 0):
 garbage-first heap   total 73728K, used 41883K [0x0000000089400000, 0x0000000100000000)
  region size 1024K, 3 young (3072K), 3 survivors (3072K)
 Metaspace       used 83020K, committed 83968K, reserved 1179648K
  class space    used 11137K, committed 11584K, reserved 1048576K
}
Event: 378.906 GC heap before
{Heap before GC invocations=26 (full 0):
 garbage-first heap   total 73728K, used 63387K [0x0000000089400000, 0x0000000100000000)
  region size 1024K, 25 young (25600K), 3 survivors (3072K)
 Metaspace       used 87216K, committed 88128K, reserved 1179648K
  class space    used 11687K, committed 12096K, reserved 1048576K
}
Event: 378.910 GC heap after
{Heap after GC invocations=27 (full 0):
 garbage-first heap   total 73728K, used 42444K [0x0000000089400000, 0x0000000100000000)
  region size 1024K, 2 young (2048K), 2 survivors (2048K)
 Metaspace       used 87216K, committed 88128K, reserved 1179648K
  class space    used 11687K, committed 12096K, reserved 1048576K
}

Dll operation events (11 events):
Event: 0.008 Loaded shared library C:\Program Files\Java\jdk-21\bin\java.dll
Event: 0.043 Loaded shared library C:\Program Files\Java\jdk-21\bin\jsvml.dll
Event: 0.152 Loaded shared library C:\Program Files\Java\jdk-21\bin\jimage.dll
Event: 0.158 Loaded shared library C:\Program Files\Java\jdk-21\bin\net.dll
Event: 0.160 Loaded shared library C:\Program Files\Java\jdk-21\bin\nio.dll
Event: 0.162 Loaded shared library C:\Program Files\Java\jdk-21\bin\zip.dll
Event: 0.224 Loaded shared library C:\Program Files\Java\jdk-21\bin\management.dll
Event: 0.234 Loaded shared library C:\Program Files\Java\jdk-21\bin\management_ext.dll
Event: 0.609 Loaded shared library C:\Program Files\Java\jdk-21\bin\extnet.dll
Event: 2.207 Loaded shared library C:\Program Files\Java\jdk-21\bin\sunmscapi.dll
Event: 6.131 Loaded shared library C:\Program Files\Java\jdk-21\bin\verify.dll

Deoptimization events (20 events):
Event: 31.819 Thread 0x0000024a4826afe0 Uncommon trap: trap_request=0xffffff45 fr.pc=0x0000024a735a737c relative=0x000000000000027c
Event: 31.819 Thread 0x0000024a4826afe0 Uncommon trap: reason=unstable_if action=reinterpret pc=0x0000024a735a737c method=org.springframework.beans.factory.support.AbstractAutowireCapableBeanFactory.determineTargetType(Ljava/lang/String;Lorg/springframework/beans/factory/support/RootBeanDefinit
Event: 31.819 Thread 0x0000024a4826afe0 DEOPT PACKING pc=0x0000024a735a737c sp=0x000000dfd0afeeb0
Event: 31.819 Thread 0x0000024a4826afe0 DEOPT UNPACKING pc=0x0000024a72df46a2 sp=0x000000dfd0afee78 mode 2
Event: 114.441 Thread 0x0000024a4c67c010 Uncommon trap: trap_request=0xffffffc6 fr.pc=0x0000024a736244d4 relative=0x00000000000032f4
Event: 114.441 Thread 0x0000024a4c67c010 Uncommon trap: reason=bimorphic_or_optimized_type_check action=maybe_recompile pc=0x0000024a736244d4 method=org.springframework.beans.factory.support.AbstractBeanFactory.isSingleton(Ljava/lang/String;)Z @ 39 c2
Event: 114.441 Thread 0x0000024a4c67c010 DEOPT PACKING pc=0x0000024a736244d4 sp=0x000000dfd12fc6f0
Event: 114.441 Thread 0x0000024a4c67c010 DEOPT UNPACKING pc=0x0000024a72df46a2 sp=0x000000dfd12fc5d0 mode 2
Event: 169.003 Thread 0x0000024a4c675da0 Uncommon trap: trap_request=0xffffff66 fr.pc=0x0000024a735c6784 relative=0x0000000000000e04
Event: 169.003 Thread 0x0000024a4c675da0 Uncommon trap: reason=speculate_class_check action=maybe_recompile pc=0x0000024a735c6784 method=org.springframework.transaction.interceptor.AbstractFallbackTransactionAttributeSource.getTransactionAttribute(Ljava/lang/reflect/Method;Ljava/lang/Class;Z)Lor
Event: 169.003 Thread 0x0000024a4c675da0 DEOPT PACKING pc=0x0000024a735c6784 sp=0x000000dfd14fca40
Event: 169.003 Thread 0x0000024a4c675da0 DEOPT UNPACKING pc=0x0000024a72df46a2 sp=0x000000dfd14fca18 mode 2
Event: 169.038 Thread 0x0000024a4c675da0 Uncommon trap: trap_request=0xffffff45 fr.pc=0x0000024a73502304 relative=0x00000000000001c4
Event: 169.038 Thread 0x0000024a4c675da0 Uncommon trap: reason=unstable_if action=reinterpret pc=0x0000024a73502304 method=org.springframework.util.ClassUtils.resolvePrimitiveIfNecessary(Ljava/lang/Class;)Ljava/lang/Class; @ 17 c2
Event: 169.038 Thread 0x0000024a4c675da0 DEOPT PACKING pc=0x0000024a73502304 sp=0x000000dfd14fc540
Event: 169.038 Thread 0x0000024a4c675da0 DEOPT UNPACKING pc=0x0000024a72df46a2 sp=0x000000dfd14fc4e8 mode 2
Event: 303.596 Thread 0x0000024a47268e10 Uncommon trap: trap_request=0xffffff45 fr.pc=0x0000024a7388786c relative=0x00000000000059cc
Event: 303.596 Thread 0x0000024a47268e10 Uncommon trap: reason=unstable_if action=reinterpret pc=0x0000024a7388786c method=java.io.ObjectStreamClass$FieldReflector.getPrimFieldValues(Ljava/lang/Object;[B)V @ 44 c2
Event: 303.596 Thread 0x0000024a47268e10 DEOPT PACKING pc=0x0000024a7388786c sp=0x000000dfcf7fe750
Event: 303.596 Thread 0x0000024a47268e10 DEOPT UNPACKING pc=0x0000024a72df46a2 sp=0x000000dfcf7fe4c0 mode 2

Classes loaded (20 events):
Event: 18.685 Loading class java/time/format/DateTimeFormatterBuilder$ZoneTextPrinterParser
Event: 18.685 Loading class java/time/format/DateTimeFormatterBuilder$ZoneTextPrinterParser done
Event: 18.685 Loading class java/time/format/DateTimeFormatterBuilder$ReducedPrinterParser
Event: 18.685 Loading class java/time/format/DateTimeFormatterBuilder$ReducedPrinterParser done
Event: 18.707 Loading class java/util/ArrayDeque$DescendingIterator
Event: 18.707 Loading class java/util/ArrayDeque$DescendingIterator done
Event: 31.218 Loading class java/io/PushbackInputStream
Event: 31.218 Loading class java/io/PushbackInputStream done
Event: 31.367 Loading class java/util/TreeMap$AscendingSubMap
Event: 31.367 Loading class java/util/TreeMap$NavigableSubMap
Event: 31.368 Loading class java/util/TreeMap$NavigableSubMap done
Event: 31.368 Loading class java/util/TreeMap$AscendingSubMap done
Event: 31.368 Loading class java/util/TreeMap$AscendingSubMap$AscendingEntrySetView
Event: 31.368 Loading class java/util/TreeMap$NavigableSubMap$EntrySetView
Event: 31.369 Loading class java/util/TreeMap$NavigableSubMap$EntrySetView done
Event: 31.369 Loading class java/util/TreeMap$AscendingSubMap$AscendingEntrySetView done
Event: 31.369 Loading class java/util/TreeMap$NavigableSubMap$SubMapEntryIterator
Event: 31.369 Loading class java/util/TreeMap$NavigableSubMap$SubMapIterator
Event: 31.369 Loading class java/util/TreeMap$NavigableSubMap$SubMapIterator done
Event: 31.369 Loading class java/util/TreeMap$NavigableSubMap$SubMapEntryIterator done

Classes unloaded (1 events):
Event: 10.702 Thread 0x0000024a7ff35200 Unloading class 0x0000024a01a10000 'jdk/internal/reflect/GeneratedSerializationConstructorAccessor24'

Classes redefined (0 events):
No events

Internal exceptions (20 events):
Event: 13.256 Thread 0x0000024a47268e10 Exception <a 'java/lang/ClassNotFoundException'{0x000000008cde2c80}: org/springframework/boot/actuate/endpoint/jmx/DataEndpointMBean> (0x000000008cde2c80) 
thrown [s\open\src\hotspot\share\classfile\systemDictionary.cpp, line 312]
Event: 13.264 Thread 0x0000024a47268e10 Exception <a 'java/lang/ClassNotFoundException'{0x000000008ca91768}: org/springframework/context/support/LiveBeansView> (0x000000008ca91768) 
thrown [s\open\src\hotspot\share\classfile\systemDictionary.cpp, line 312]
Event: 13.265 Thread 0x0000024a47268e10 Exception <a 'java/lang/ClassNotFoundException'{0x000000008ca943a8}: org/springframework/boot/actuate/endpoint/jmx/EndpointMBean> (0x000000008ca943a8) 
thrown [s\open\src\hotspot\share\classfile\systemDictionary.cpp, line 312]
Event: 13.265 Thread 0x0000024a47268e10 Exception <a 'java/lang/ClassNotFoundException'{0x000000008ca94780}: org/springframework/boot/actuate/endpoint/jmx/DataEndpointMBean> (0x000000008ca94780) 
thrown [s\open\src\hotspot\share\classfile\systemDictionary.cpp, line 312]
Event: 13.265 Thread 0x0000024a47268e10 Exception <a 'java/lang/ClassNotFoundException'{0x000000008ca94b50}: org/springframework/context/support/LiveBeansView> (0x000000008ca94b50) 
thrown [s\open\src\hotspot\share\classfile\systemDictionary.cpp, line 312]
Event: 13.265 Thread 0x0000024a47268e10 Exception <a 'java/lang/ClassNotFoundException'{0x000000008ca95150}: org/springframework/boot/actuate/endpoint/jmx/EndpointMBean> (0x000000008ca95150) 
thrown [s\open\src\hotspot\share\classfile\systemDictionary.cpp, line 312]
Event: 13.265 Thread 0x0000024a47268e10 Exception <a 'java/lang/ClassNotFoundException'{0x000000008ca95510}: org/springframework/boot/actuate/endpoint/jmx/DataEndpointMBean> (0x000000008ca95510) 
thrown [s\open\src\hotspot\share\classfile\systemDictionary.cpp, line 312]
Event: 13.265 Thread 0x0000024a47268e10 Exception <a 'java/lang/ClassNotFoundException'{0x000000008ca958c8}: org/springframework/context/support/LiveBeansView> (0x000000008ca958c8) 
thrown [s\open\src\hotspot\share\classfile\systemDictionary.cpp, line 312]
Event: 13.265 Thread 0x0000024a47268e10 Exception <a 'java/lang/ClassNotFoundException'{0x000000008ca95c88}: org/springframework/boot/actuate/endpoint/jmx/EndpointMBean> (0x000000008ca95c88) 
thrown [s\open\src\hotspot\share\classfile\systemDictionary.cpp, line 312]
Event: 13.265 Thread 0x0000024a47268e10 Exception <a 'java/lang/ClassNotFoundException'{0x000000008ca96048}: org/springframework/boot/actuate/endpoint/jmx/DataEndpointMBean> (0x000000008ca96048) 
thrown [s\open\src\hotspot\share\classfile\systemDictionary.cpp, line 312]
Event: 13.265 Thread 0x0000024a47268e10 Exception <a 'java/lang/ClassNotFoundException'{0x000000008ca96400}: org/springframework/context/support/LiveBeansView> (0x000000008ca96400) 
thrown [s\open\src\hotspot\share\classfile\systemDictionary.cpp, line 312]
Event: 13.273 Thread 0x0000024a47268e10 Exception <a 'java/lang/NoSuchMethodError'{0x000000008caa4608}: 'double java.lang.invoke.DirectMethodHandle$Holder.invokeInterface(java.lang.Object, java.lang.Object)'> (0x000000008caa4608) 
thrown [s\open\src\hotspot\share\interpreter\linkResolver.cpp, line 773]
Event: 18.302 Thread 0x0000024a4826c390 Exception <a 'java/lang/NoSuchMethodError'{0x000000008c730070}: 'java.lang.Object java.lang.invoke.DirectMethodHandle$Holder.invokeSpecial(java.lang.Object, java.lang.Object, java.lang.Object, java.lang.Object, java.lang.Object, long)'> (0x000000008c730070) 
thrown [s\open\src\hotspot\share\interpreter\linkResolver.cpp, line 773]
Event: 18.302 Thread 0x0000024a4826c390 Exception <a 'java/lang/NoSuchMethodError'{0x000000008c7337e8}: 'java.lang.Object java.lang.invoke.Invokers$Holder.linkToTargetMethod(java.lang.Object, java.lang.Object, java.lang.Object, long, java.lang.Object)'> (0x000000008c7337e8) 
thrown [s\open\src\hotspot\share\interpreter\linkResolver.cpp, line 773]
Event: 18.563 Thread 0x0000024a4826c390 Exception <a 'java/lang/IncompatibleClassChangeError'{0x000000008ea8ce70}: Found class java.lang.Object, but interface was expected> (0x000000008ea8ce70) 
thrown [s\open\src\hotspot\share\interpreter\linkResolver.cpp, line 840]
Event: 18.663 Thread 0x0000024a4826c390 Exception <a 'java/lang/NoSuchMethodError'{0x000000008e7f6300}: 'java.lang.Object java.lang.invoke.DirectMethodHandle$Holder.newInvokeSpecial(java.lang.Object, java.lang.Object, java.lang.Object, long)'> (0x000000008e7f6300) 
thrown [s\open\src\hotspot\share\interpreter\linkResolver.cpp, line 773]
Event: 18.663 Thread 0x0000024a4826c390 Exception <a 'java/lang/NoSuchMethodError'{0x000000008e7fa618}: 'java.lang.Object java.lang.invoke.DirectMethodHandle$Holder.invokeSpecial(java.lang.Object, java.lang.Object, java.lang.Object, java.lang.Object, long)'> (0x000000008e7fa618) 
thrown [s\open\src\hotspot\share\interpreter\linkResolver.cpp, line 773]
Event: 18.663 Thread 0x0000024a4826c390 Exception <a 'java/lang/NoSuchMethodError'{0x000000008e7fe290}: 'java.lang.Object java.lang.invoke.Invokers$Holder.linkToTargetMethod(java.lang.Object, java.lang.Object, long, java.lang.Object)'> (0x000000008e7fe290) 
thrown [s\open\src\hotspot\share\interpreter\linkResolver.cpp, line 773]
Event: 31.293 Thread 0x0000024a4c679220 Exception <a 'java/lang/NoSuchMethodError'{0x000000008d2ac900}: 'int java.lang.invoke.DirectMethodHandle$Holder.invokeStatic(java.lang.Object, java.lang.Object, int, int)'> (0x000000008d2ac900) 
thrown [s\open\src\hotspot\share\interpreter\linkResolver.cpp, line 773]
Event: 169.022 Thread 0x0000024a4c675da0 Exception <a 'java/lang/NoSuchMethodError'{0x000000008cbebfc0}: 'void java.lang.invoke.DirectMethodHandle$Holder.invokeSpecialIFC(java.lang.Object, java.lang.Object, int, java.lang.Object, java.lang.Object, java.lang.Object, java.lang.Object)'> (0x000000008cbebfc0) 
thrown [s\open\src\hotspot\share\interpreter\linkResolver.cpp, line 773]

ZGC Phase Switch (0 events):
No events

VM Operations (20 events):
Event: 205.546 Executing VM operation: Cleanup
Event: 205.546 Executing VM operation: Cleanup done
Event: 209.548 Executing VM operation: Cleanup
Event: 209.548 Executing VM operation: Cleanup done
Event: 230.557 Executing VM operation: Cleanup
Event: 230.557 Executing VM operation: Cleanup done
Event: 265.572 Executing VM operation: Cleanup
Event: 265.573 Executing VM operation: Cleanup done
Event: 282.652 Executing VM operation: Cleanup
Event: 282.652 Executing VM operation: Cleanup done
Event: 306.768 Executing VM operation: Cleanup
Event: 306.768 Executing VM operation: Cleanup done
Event: 307.768 Executing VM operation: Cleanup
Event: 307.768 Executing VM operation: Cleanup done
Event: 308.769 Executing VM operation: Cleanup
Event: 308.769 Executing VM operation: Cleanup done
Event: 340.784 Executing VM operation: Cleanup
Event: 340.784 Executing VM operation: Cleanup done
Event: 378.906 Executing VM operation: G1CollectForAllocation (G1 Evacuation Pause)
Event: 378.910 Executing VM operation: G1CollectForAllocation (G1 Evacuation Pause) done

Events (20 events):
Event: 11.018 Thread 0x0000024a4c67c6a0 Thread added: 0x0000024a4c67c6a0
Event: 11.018 Thread 0x0000024a4c67d3c0 Thread added: 0x0000024a4c67d3c0
Event: 11.034 Thread 0x0000024a4c6798b0 Thread added: 0x0000024a4c6798b0
Event: 11.037 Thread 0x0000024a4c676ac0 Thread added: 0x0000024a4c676ac0
Event: 11.083 Thread 0x0000024a45c25380 Thread exited: 0x0000024a45c25380
Event: 11.085 Thread 0x0000024a460a0b30 Thread exited: 0x0000024a460a0b30
Event: 11.086 Thread 0x0000024a6126d790 Thread exited: 0x0000024a6126d790
Event: 11.086 Thread 0x0000024a4c6777e0 Thread added: 0x0000024a4c6777e0
Event: 11.609 Thread 0x0000024a45297dd0 Thread exited: 0x0000024a45297dd0
Event: 11.610 Thread 0x0000024a4a85ff50 Thread exited: 0x0000024a4a85ff50
Event: 12.582 Thread 0x0000024a48271f70 Thread exited: 0x0000024a48271f70
Event: 12.878 Thread 0x0000024a4a85d670 Thread added: 0x0000024a4a85d670
Event: 12.878 Thread 0x0000024a4a860620 Thread added: 0x0000024a4a860620
Event: 13.234 Thread 0x0000024a4c678500 Thread added: 0x0000024a4c678500
Event: 14.615 Thread 0x0000024a4a860620 Thread exited: 0x0000024a4a860620
Event: 14.615 Thread 0x0000024a4a85d670 Thread exited: 0x0000024a4a85d670
Event: 18.412 Thread 0x0000024a4a85ff50 Thread added: 0x0000024a4a85ff50
Event: 19.451 Thread 0x0000024a4a85ff50 Thread exited: 0x0000024a4a85ff50
Event: 93.560 Thread 0x0000024a4726a1c0 Thread exited: 0x0000024a4726a1c0
Event: 93.590 Thread 0x0000024a4c678500 Thread exited: 0x0000024a4c678500


Dynamic libraries:
0x00007ff74dd50000 - 0x00007ff74dd60000 	C:\Program Files\Java\jdk-21\bin\java.exe
0x00007fff81d50000 - 0x00007fff81f67000 	C:\WINDOWS\SYSTEM32\ntdll.dll
0x00007fff80620000 - 0x00007fff806e4000 	C:\WINDOWS\System32\KERNEL32.DLL
0x00007fff7f1d0000 - 0x00007fff7f5a1000 	C:\WINDOWS\System32\KERNELBASE.dll
0x00007fff7f5b0000 - 0x00007fff7f6c1000 	C:\WINDOWS\System32\ucrtbase.dll
0x00007fff75db0000 - 0x00007fff75dcb000 	C:\Program Files\Java\jdk-21\bin\VCRUNTIME140.dll
0x00007fff4a970000 - 0x00007fff4a989000 	C:\Program Files\Java\jdk-21\bin\jli.dll
0x00007fff80170000 - 0x00007fff80221000 	C:\WINDOWS\System32\ADVAPI32.dll
0x00007fff80500000 - 0x00007fff805a7000 	C:\WINDOWS\System32\msvcrt.dll
0x00007fff80d10000 - 0x00007fff80db7000 	C:\WINDOWS\System32\sechost.dll
0x00007fff7ef30000 - 0x00007fff7ef58000 	C:\WINDOWS\System32\bcrypt.dll
0x00007fff7ff50000 - 0x00007fff80064000 	C:\WINDOWS\System32\RPCRT4.dll
0x00007fff80f40000 - 0x00007fff810f1000 	C:\WINDOWS\System32\USER32.dll
0x00007fff69120000 - 0x00007fff693b2000 	C:\WINDOWS\WinSxS\amd64_microsoft.windows.common-controls_6595b64144ccf1df_6.0.22621.4830_none_270fe7d773858e80\COMCTL32.dll
0x00007fff7f120000 - 0x00007fff7f146000 	C:\WINDOWS\System32\win32u.dll
0x00007fff80cd0000 - 0x00007fff80cf9000 	C:\WINDOWS\System32\GDI32.dll
0x00007fff7f900000 - 0x00007fff7fa1b000 	C:\WINDOWS\System32\gdi32full.dll
0x00007fff7ee90000 - 0x00007fff7ef2a000 	C:\WINDOWS\System32\msvcp_win.dll
0x00007fff786a0000 - 0x00007fff786aa000 	C:\WINDOWS\SYSTEM32\VERSION.dll
0x00007fff807f0000 - 0x00007fff80821000 	C:\WINDOWS\System32\IMM32.DLL
0x00007fff76930000 - 0x00007fff7693c000 	C:\Program Files\Java\jdk-21\bin\vcruntime140_1.dll
0x00007fff47740000 - 0x00007fff477ce000 	C:\Program Files\Java\jdk-21\bin\msvcp140.dll
0x00007ffee2020000 - 0x00007ffee2d37000 	C:\Program Files\Java\jdk-21\bin\server\jvm.dll
0x00007fff80770000 - 0x00007fff807e1000 	C:\WINDOWS\System32\WS2_32.dll
0x00007fff7ed60000 - 0x00007fff7edad000 	C:\WINDOWS\SYSTEM32\POWRPROF.dll
0x00007fff797b0000 - 0x00007fff797e4000 	C:\WINDOWS\SYSTEM32\WINMM.dll
0x00007fff7ed40000 - 0x00007fff7ed53000 	C:\WINDOWS\SYSTEM32\UMPDC.dll
0x00007fff7dee0000 - 0x00007fff7def8000 	C:\WINDOWS\SYSTEM32\kernel.appcore.dll
0x00007fff62530000 - 0x00007fff6253a000 	C:\Program Files\Java\jdk-21\bin\jimage.dll
0x00007fff765c0000 - 0x00007fff767f2000 	C:\WINDOWS\SYSTEM32\DBGHELP.DLL
0x00007fff80940000 - 0x00007fff80cd0000 	C:\WINDOWS\System32\combase.dll
0x00007fff80e20000 - 0x00007fff80ef7000 	C:\WINDOWS\System32\OLEAUT32.dll
0x00007fff661a0000 - 0x00007fff661d2000 	C:\WINDOWS\SYSTEM32\dbgcore.DLL
0x00007fff7f0a0000 - 0x00007fff7f11b000 	C:\WINDOWS\System32\bcryptPrimitives.dll
0x00007fff6b4f0000 - 0x00007fff6b50f000 	C:\Program Files\Java\jdk-21\bin\java.dll
0x00007fff812b0000 - 0x00007fff81b38000 	C:\WINDOWS\System32\SHELL32.dll
0x00007fff7ef60000 - 0x00007fff7f09f000 	C:\WINDOWS\System32\wintypes.dll
0x00007fff7cda0000 - 0x00007fff7d6ad000 	C:\WINDOWS\SYSTEM32\windows.storage.dll
0x00007fff80830000 - 0x00007fff8093a000 	C:\WINDOWS\System32\SHCORE.dll
0x00007fff80dc0000 - 0x00007fff80e1e000 	C:\WINDOWS\System32\shlwapi.dll
0x00007fff7edc0000 - 0x00007fff7edeb000 	C:\WINDOWS\SYSTEM32\profapi.dll
0x00007fff4a5d0000 - 0x00007fff4a6a7000 	C:\Program Files\Java\jdk-21\bin\jsvml.dll
0x00007fff62120000 - 0x00007fff62130000 	C:\Program Files\Java\jdk-21\bin\net.dll
0x00007fff7a520000 - 0x00007fff7a64c000 	C:\WINDOWS\SYSTEM32\WINHTTP.dll
0x00007fff7e350000 - 0x00007fff7e3ba000 	C:\WINDOWS\system32\mswsock.dll
0x00007fff53710000 - 0x00007fff53726000 	C:\Program Files\Java\jdk-21\bin\nio.dll
0x00007fff4b9f0000 - 0x00007fff4ba08000 	C:\Program Files\Java\jdk-21\bin\zip.dll
0x00007fff527a0000 - 0x00007fff527aa000 	C:\Program Files\Java\jdk-21\bin\management.dll
0x00007fff50430000 - 0x00007fff5043b000 	C:\Program Files\Java\jdk-21\bin\management_ext.dll
0x00007fff80f00000 - 0x00007fff80f08000 	C:\WINDOWS\System32\PSAPI.DLL
0x00007fff5a1e0000 - 0x00007fff5a1f7000 	C:\WINDOWS\system32\napinsp.dll
0x00007fff5a180000 - 0x00007fff5a19b000 	C:\WINDOWS\system32\pnrpnsp.dll
0x00007fff5a150000 - 0x00007fff5a177000 	C:\WINDOWS\system32\nlansp_c.dll
0x00007fff7d990000 - 0x00007fff7da92000 	C:\WINDOWS\SYSTEM32\DNSAPI.dll
0x00007fff7d920000 - 0x00007fff7d94d000 	C:\WINDOWS\SYSTEM32\IPHLPAPI.DLL
0x00007fff80f10000 - 0x00007fff80f19000 	C:\WINDOWS\System32\NSI.dll
0x00007fff5a130000 - 0x00007fff5a141000 	C:\WINDOWS\System32\winrnr.dll
0x00007fff79790000 - 0x00007fff797a5000 	C:\WINDOWS\system32\wshbth.dll
0x00007fff749f0000 - 0x00007fff749fa000 	C:\Windows\System32\rasadhlp.dll
0x00007fff794d0000 - 0x00007fff79553000 	C:\WINDOWS\System32\fwpuclnt.dll
0x00007fff7e5a0000 - 0x00007fff7e5bb000 	C:\WINDOWS\SYSTEM32\CRYPTSP.dll
0x00007fff7de40000 - 0x00007fff7de77000 	C:\WINDOWS\system32\rsaenh.dll
0x00007fff7e440000 - 0x00007fff7e468000 	C:\WINDOWS\SYSTEM32\USERENV.dll
0x00007fff7e5c0000 - 0x00007fff7e5cc000 	C:\WINDOWS\SYSTEM32\CRYPTBASE.dll
0x00007fff59da0000 - 0x00007fff59da9000 	C:\Program Files\Java\jdk-21\bin\extnet.dll
0x00007fff4f700000 - 0x00007fff4f70e000 	C:\Program Files\Java\jdk-21\bin\sunmscapi.dll
0x00007fff7f790000 - 0x00007fff7f8f6000 	C:\WINDOWS\System32\CRYPT32.dll
0x00007fff7e760000 - 0x00007fff7e78d000 	C:\WINDOWS\SYSTEM32\ncrypt.dll
0x00007fff7e720000 - 0x00007fff7e757000 	C:\WINDOWS\SYSTEM32\NTASN1.dll
0x00007fff5b9f0000 - 0x00007fff5ba00000 	C:\Program Files\Java\jdk-21\bin\verify.dll
0x00007fff51c40000 - 0x00007fff51c48000 	C:\WINDOWS\system32\wshunix.dll

dbghelp: loaded successfully - version: 4.0.5 - missing functions: none
symbol engine: initialized successfully - sym options: 0x614 - pdb path: .;C:\Program Files\Java\jdk-21\bin;C:\WINDOWS\SYSTEM32;C:\WINDOWS\WinSxS\amd64_microsoft.windows.common-controls_6595b64144ccf1df_6.0.22621.4830_none_270fe7d773858e80;C:\Program Files\Java\jdk-21\bin\server

VM Arguments:
jvm_args: -XX:+ShowCodeDetailsInExceptionMessages -Dspring.jmx.enabled=true -Dmanagement.endpoints.jmx.exposure.include=* -Dspring.application.admin.enabled=true -Dspring.boot.project.name=Jobscheduler -Djava.rmi.server.hostname=localhost -Dcom.sun.management.jmxremote.port=45556 -Dcom.sun.management.jmxremote.authenticate=false -Dcom.sun.management.jmxremote.ssl=false 
java_command: com.capstone.Jobscheduler.JobschedulerApplication
java_class_path (initial): D:\capstone project\Jobscheduler\target\classes;C:\Users\aksha\.m2\repository\org\springframework\boot\spring-boot-starter-actuator\3.4.3\spring-boot-starter-actuator-3.4.3.jar;C:\Users\aksha\.m2\repository\org\springframework\boot\spring-boot-starter\3.4.3\spring-boot-starter-3.4.3.jar;C:\Users\aksha\.m2\repository\org\springframework\boot\spring-boot-starter-logging\3.4.3\spring-boot-starter-logging-3.4.3.jar;C:\Users\aksha\.m2\repository\ch\qos\logback\logback-classic\1.5.16\logback-classic-1.5.16.jar;C:\Users\aksha\.m2\repository\ch\qos\logback\logback-core\1.5.16\logback-core-1.5.16.jar;C:\Users\aksha\.m2\repository\org\apache\logging\log4j\log4j-to-slf4j\2.24.3\log4j-to-slf4j-2.24.3.jar;C:\Users\aksha\.m2\repository\org\apache\logging\log4j\log4j-api\2.24.3\log4j-api-2.24.3.jar;C:\Users\aksha\.m2\repository\org\slf4j\jul-to-slf4j\2.0.16\jul-to-slf4j-2.0.16.jar;C:\Users\aksha\.m2\repository\jakarta\annotation\jakarta.annotation-api\2.1.1\jakarta.annotation-api-2.1.1.jar;C:\Users\aksha\.m2\repository\org\yaml\snakeyaml\2.3\snakeyaml-2.3.jar;C:\Users\aksha\.m2\repository\org\springframework\boot\spring-boot-actuator-autoconfigure\3.4.3\spring-boot-actuator-autoconfigure-3.4.3.jar;C:\Users\aksha\.m2\repository\org\springframework\boot\spring-boot-actuator\3.4.3\spring-boot-actuator-3.4.3.jar;C:\Users\aksha\.m2\repository\com\fasterxml\jackson\datatype\jackson-datatype-jsr310\2.18.2\jackson-datatype-jsr310-2.18.2.jar;C:\Users\aksha\.m2\repository\io\micrometer\micrometer-observation\1.14.4\micrometer-observation-1.14.4.jar;C:\Users\aksha\.m2\repository\io\micrometer\micrometer-commons\1.14.4\micrometer-commons-1.14.4.jar;C:\Users\aksha\.m2\repository\io\micrometer\micrometer-jakarta9\1.14.4\micrometer-jakarta9-1.14.4.jar;C:\Users\aksha\.m2\repository\io\micrometer\micrometer-core\1.14.4\micrometer-core-1.14.4.jar;C:\Users\aksha\.m2\repository\org\hdrhistogram\HdrHistogram\2.2.2\HdrHistogram-2.2.2.jar;C:\Users\aksha\.m2\repository\org\latencyutils\LatencyUtils\2.0.3\LatencyUtils-2.0.3.jar;C:\Users\aksha\.m2\repository\org\springframework\boot\spring-boot-starter-data-jpa\3.4.3\spring-boot-starter-data-jpa-3.4.3.jar;C:\Users\aksha\.m2\repository\org\springframework\boot\spring-boot-starter-jdbc\3.4.3\spring-boot-starter-jdbc-3.4.3.jar;C:\Users\aksha\.m2\repository\com\zaxxer\HikariCP\5.1.0\HikariCP-5.1.0.jar;C:\Users\aksha\.m2\repository\org\springframework\spring-jdbc\6.2.3\spring-jdbc-6.2.3.jar;C:\Users\aksha\.m2\repository\org\hibernate\orm\hibernate-core\6.6.8.Final\hibernate-core-6.6.8.Final.jar;C:\Users\aksha\.m2\repository\jakarta\persistence\jakarta.persistence-api\3.1.0\jakarta.persistence-api-3.1.0.jar;C:\Users\aksha\.m2\repository\jakarta\transaction\jakarta.transaction-api\2.0.1\jakarta.transaction-api-2.0.1.jar;C:\Users\aksha\.m2\repository\org\jboss\logging\jboss-logging\3.6.1.Final\jboss-logging-3.6.1.Final.jar;C:\Users\aksha\.m2\repository\org\hibernate\common\hibernate-commons-annotations\7.0.3.Final\hibernate-commons-annotations-7.0.3.Final.jar;C:\Users\aksha\.m2\repository\io\smallrye\jandex\3.2.0\jandex-3.2.0.jar;C:\Users\aksha\.m2\repository\com\fasterxml\classmate\1.7.0\classmate-1.7.0.jar;C:\Users\aksha\.m2\repository\net\bytebuddy\byte-buddy\1.15.11\byte-buddy-1.15.11.jar;C:\Users\aksha\.m2\repository\org\glassfish\jaxb\jaxb-runtime\4.0.5\jaxb-runtime-4.0.5.jar;C:\Users\aksha\.m2\repository\org\glassfish\jaxb\jaxb-core\4.0.5\jaxb-core-4.0.5.jar;C:\Users\aksha\.m2\repository\org\eclipse\angus\angus-activation\2.0.2\angus-activation-2.0.2.jar;C:\Users\aksha\.m2\repository\org\glassfish\jaxb\txw2\4.0.5\txw2-4.0.5.jar;C:\Users\aksha\.m2\repository\com\sun\istack\istack-commons-runtime\4.1.2\istack-commons-runtime-4.1.2.jar;C:\Users\aksha\.m2\repository\jakarta\inject\jakarta.inject-api\2.0.1\jakarta.inject-api-2.0.1.jar;C:\Users\aksha\.m2\repository\org\antlr\antlr4-runtime\4.13.0\antlr4-runtime-4.13.0.jar;C:\Users\aksha\.m2\repository\org\springframework\data\spring-data-jpa\3.4.3\spring-data-jpa-3.4.3.jar;C:\Users\aksha\.m2\repository\org\springframework\data\spring-data-commons\3.4.3\spring-data-commons-3.4.3.jar;C:\Users\aksha\.m2\repository\org\springframework\spring-orm\6.2.3\spring-orm-6.2.3.jar;C:\Users\aksha\.m2\repository\org\springframework\spring-context\6.2.3\spring-context-6.2.3.jar;C:\Users\aksha\.m2\repository\org\springframework\spring-aop\6.2.3\spring-aop-6.2.3.jar;C:\Users\aksha\.m2\repository\org\springframework\spring-beans\6.2.3\spring-beans-6.2.3.jar;C:\Users\aksha\.m2\repository\org\slf4j\slf4j-api\2.0.16\slf4j-api-2.0.16.jar;C:\Users\aksha\.m2\repository\org\springframework\spring-aspects\6.2.3\spring-aspects-6.2.3.jar;C:\Users\aksha\.m2\repository\org\aspectj\aspectjweaver\1.9.22.1\aspectjweaver-1.9.22.1.jar;C:\Users\aksha\.m2\repository\org\springframework\boot\spring-boot-starter-quartz\3.4.3\spring-boot-starter-quartz-3.4.3.jar;C:\Users\aksha\.m2\repository\org\springframework\spring-context-support\6.2.3\spring-context-support-6.2.3.jar;C:\Users\aksha\.m2\repository\org\springframework\spring-tx\6.2.3\spring-tx-6.2.3.jar;C:\Users\aksha\.m2\repository\org\quartz-scheduler\quartz\2.3.2\quartz-2.3.2.jar;C:\Users\aksha\.m2\repository\com\mchange\mchange-commons-java\0.2.15\mchange-commons-java-0.2.15.jar;C:\Users\aksha\.m2\repository\org\springframework\boot\spring-boot-starter-thymeleaf\3.4.3\spring-boot-starter-thymeleaf-3.4.3.jar;C:\Users\aksha\.m2\repository\org\thymeleaf\thymeleaf-spring6\3.1.3.RELEASE\thymeleaf-spring6-3.1.3.RELEASE.jar;C:\Users\aksha\.m2\repository\org\thymeleaf\thymeleaf\3.1.3.RELEASE\thymeleaf-3.1.3.RELEASE.jar;C:\Users\aksha\.m2\repository\org\attoparser\attoparser\2.0.7.RELEASE\attoparser-2.0.7.RELEASE.jar;C:\Users\aksha\.m2\repository\org\unbescape\unbescape\1.1.6.RELEASE\unbescape-1.1.6.RELEASE.jar;C:\Users\aksha\.m2\repository\org\springframework\boot\spring-boot-starter-validation\3.4.3\spring-boot-starter-validation-3.4.3.jar;C:\Users\aksha\.m2\repository\org\apache\tomcat\embed\tomcat-embed-el\10.1.36\tomcat-embed-el-10.1.36.jar;C:\Users\aksha\.m2\repository\org\hibernate\validator\hibernate-validator\8.0.2.Final\hibernate-validator-8.0.2.Final.jar;C:\Users\aksha\.m2\repository\jakarta\validation\jakarta.validation-api\3.0.2\jakarta.validation-api-3.0.2.jar;C:\Users\aksha\.m2\repository\org\springframework\boot\spring-boot-starter-web\3.4.3\spring-boot-starter-web-3.4.3.jar;C:\Users\aksha\.m2\repository\org\springframework\boot\spring-boot-starter-json\3.4.3\spring-boot-starter-json-3.4.3.jar;C:\Users\aksha\.m2\repository\com\fasterxml\jackson\datatype\jackson-datatype-jdk8\2.18.2\jackson-datatype-jdk8-2.18.2.jar;C:\Users\aksha\.m2\repository\com\fasterxml\jackson\module\jackson-module-parameter-names\2.18.2\jackson-module-parameter-names-2.18.2.jar;C:\Users\aksha\.m2\repository\org\springframework\boot\spring-boot-starter-tomcat\3.4.3\spring-boot-starter-tomcat-3.4.3.jar;C:\Users\aksha\.m2\repository\org\apache\tomcat\embed\tomcat-embed-core\10.1.36\tomcat-embed-core-10.1.36.jar;C:\Users\aksha\.m2\repository\org\apache\tomcat\embed\tomcat-embed-websocket\10.1.36\tomcat-embed-websocket-10.1.36.jar;C:\Users\aksha\.m2\repository\org\springframework\spring-web\6.2.3\spring-web-6.2.3.jar;C:\Users\aksha\.m2\repository\org\springframework\spring-webmvc\6.2.3\spring-webmvc-6.2.3.jar;C:\Users\aksha\.m2\repository\org\springframework\spring-expression\6.2.3\spring-expression-6.2.3.jar;C:\Users\aksha\.m2\repository\com\fasterxml\jackson\core\jackson-databind\2.18.2\jackson-databind-2.18.2.jar;C:\Users\aksha\.m2\repository\com\fasterxml\jackson\core\jackson-annotations\2.18.2\jackson-annotations-2.18.2.jar;C:\Users\aksha\.m2\repository\com\fasterxml\jackson\core\jackson-core\2.18.2\jackson-core-2.18.2.jar;C:\Users\aksha\.m2\repository\org\springframework\boot\spring-boot-devtools\3.4.3\spring-boot-devtools-3.4.3.jar;C:\Users\aksha\.m2\repository\org\springframework\boot\spring-boot\3.4.3\spring-boot-3.4.3.jar;C:\Users\aksha\.m2\repository\org\springframework\boot\spring-boot-autoconfigure\3.4.3\spring-boot-autoconfigure-3.4.3.jar;C:\Users\aksha\.m2\repository\com\mysql\mysql-connector-j\9.1.0\mysql-connector-j-9.1.0.jar;C:\Users\aksha\.m2\repository\org\projectlombok\lombok\1.18.36\lombok-1.18.36.jar;C:\Users\aksha\.m2\repository\jakarta\xml\bind\jakarta.xml.bind-api\4.0.2\jakarta.xml.bind-api-4.0.2.jar;C:\Users\aksha\.m2\repository\jakarta\activation\jakarta.activation-api\2.1.3\jakarta.activation-api-2.1.3.jar;C:\Users\aksha\.m2\repository\org\springframework\spring-core\6.2.3\spring-core-6.2.3.jar;C:\Users\aksha\.m2\repository\org\springframework\spring-jcl\6.2.3\spring-jcl-6.2.3.jar
Launcher Type: SUN_STANDARD

[Global flags]
     intx CICompilerCount                          = 4                                         {product} {ergonomic}
     uint ConcGCThreads                            = 3                                         {product} {ergonomic}
     uint G1ConcRefinementThreads                  = 10                                        {product} {ergonomic}
   size_t G1HeapRegionSize                         = 1048576                                   {product} {ergonomic}
    uintx GCDrainStackTargetSize                   = 64                                        {product} {ergonomic}
   size_t InitialHeapSize                          = 125829120                                 {product} {ergonomic}
     bool ManagementServer                         = true                                      {product} {command line}
   size_t MarkStackSize                            = 4194304                                   {product} {ergonomic}
   size_t MaxHeapSize                              = 1992294400                                {product} {ergonomic}
   size_t MaxNewSize                               = 1195376640                                {product} {ergonomic}
   size_t MinHeapDeltaBytes                        = 1048576                                   {product} {ergonomic}
   size_t MinHeapSize                              = 8388608                                   {product} {ergonomic}
    uintx NonNMethodCodeHeapSize                   = 5839372                                {pd product} {ergonomic}
    uintx NonProfiledCodeHeapSize                  = 122909434                              {pd product} {ergonomic}
    uintx ProfiledCodeHeapSize                     = 122909434                              {pd product} {ergonomic}
    uintx ReservedCodeCacheSize                    = 251658240                              {pd product} {ergonomic}
     bool SegmentedCodeCache                       = true                                      {product} {ergonomic}
     bool ShowCodeDetailsInExceptionMessages       = true                                   {manageable} {command line}
   size_t SoftMaxHeapSize                          = 1992294400                             {manageable} {ergonomic}
     bool UseCompressedOops                        = true                           {product lp64_product} {ergonomic}
     bool UseG1GC                                  = true                                      {product} {ergonomic}
     bool UseLargePagesIndividualAllocation        = false                                  {pd product} {ergonomic}

Logging:
Log output configuration:
 #0: stdout all=warning uptime,level,tags foldmultilines=false
 #1: stderr all=off uptime,level,tags foldmultilines=false

Environment Variables:
PATH=C:\Program Files\Java\jdk-21\bin;C:\Windows\system32;C:\Windows;C:\Windows\System32\Wbem;C:\Windows\System32\WindowsPowerShell\v1.0\;C:\Windows\System32\OpenSSH\;C:\Program Files (x86)\NVIDIA Corporation\PhysX\Common;C:\Program Files\NVIDIA Corporation\NVIDIA NvDLISR;C:\WINDOWS\system32;C:\WINDOWS;C:\WINDOWS\System32\Wbem;C:\WINDOWS\System32\WindowsPowerShell\v1.0\;C:\WINDOWS\System32\OpenSSH\;C:\Users\aksha\.vscode\extensions\oracle.oracle-java-22.0.1\nbcode\bin;C:\Program Files\Git\cmd;C:\Program Files\dotnet\;C:\Program Files\Docker\Docker\resources\bin;C:\Users\aksha\AppData\Local\Programs\Python\Python310\Scripts\;C:\Users\aksha\AppData\Local\Programs\Python\Python310\;C:\Users\aksha\AppData\Local\Programs\Python\Python313\Scripts\;C:\Users\aksha\AppData\Local\Programs\Python\Python313\;C:\Users\aksha\AppData\Local\Programs\Python\Launcher\;C:\Program Files\MySQL\MySQL Shell 8.0\bin\;C:\Users\aksha\AppData\Local\Microsoft\WindowsApps;C:\Program Files\Java\jdk-21\bin;C:\Users\aksha\AppData\Local\Programs\Microsoft VS Code\bin;C:\Program Files\JetBrains\IntelliJ IDEA Community Edition 2024.1.4\bin;;C:\Users\aksha\AppData\Local\GitHubDesktop\bin;C:\Users\aksha\.dotnet\tools
USERNAME=aksha
LANG=en_US.UTF-8
OS=Windows_NT
PROCESSOR_IDENTIFIER=AMD64 Family 23 Model 96 Stepping 1, AuthenticAMD
TMP=C:\Users\aksha\AppData\Local\Temp
TEMP=C:\Users\aksha\AppData\Local\Temp




Periodic native trim disabled

---------------  S Y S T E M  ---------------

OS:
 Windows 11 , 64 bit Build 22621 (10.0.22621.4974)
OS uptime: 0 days 7:15 hours
Hyper-V role detected

CPU: total 12 (initial active 12) (12 cores per cpu, 2 threads per core) family 23 model 96 stepping 1 microcode 0x0, cx8, cmov, fxsr, ht, mmx, 3dnowpref, sse, sse2, sse3, ssse3, sse4a, sse4.1, sse4.2, popcnt, lzcnt, tsc, tscinvbit, avx, avx2, aes, clmul, bmi1, bmi2, adx, sha, fma, vzeroupper, clflush, clflushopt, hv, rdtscp, rdpid, f16c
Processor Information for all 12 processors :
  Max Mhz: 3000, Current Mhz: 3000, Mhz Limit: 3000

Memory: 4k page, system-wide physical 7599M (857M free)
TotalPageFile size 18358M (AvailPageFile size 2706M)
current process WorkingSet (physical memory assigned to process): 282M, peak: 332M
current process commit charge ("private bytes"): 322M, peak: 373M

vm_info: Java HotSpot(TM) 64-Bit Server VM (21.0.2+13-LTS-58) for windows-amd64 JRE (21.0.2+13-LTS-58), built on 2024-01-05T18:32:24Z by "mach5one" with MS VC++ 17.1 (VS2022)

END.
